#
# There is insufficient memory for the Java Runtime Environment to continue.
# Native memory allocation (malloc) failed to allocate 1115136 bytes for Chunk::new
# Possible reasons:
#   The system is out of physical RAM or swap space
#   In 32 bit mode, the process size limit was hit
# Possible solutions:
#   Reduce memory load on the system
#   Increase physical memory or swap space
#   Check if swap backing store is full
#   Use 64 bit Java on a 64 bit OS
#   Decrease Java heap size (-Xmx/-Xms)
#   Decrease number of Java threads
#   Decrease Java thread stack sizes (-Xss)
#   Set larger code cache with -XX:ReservedCodeCacheSize=
# This output file may be truncated or incomplete.
#
#  Out of Memory Error (allocation.cpp:390), pid=12936, tid=0x00000000000002a8
#
# JRE version: Java(TM) SE Runtime Environment (8.0_181-b13) (build 1.8.0_181-b13)
# Java VM: Java HotSpot(TM) 64-Bit Server VM (25.181-b13 mixed mode windows-amd64 compressed oops)
# Failed to write core dump. Minidumps are not enabled by default on client versions of Windows
#

---------------  T H R E A D  ---------------

Current thread (0x00000000198b1800):  JavaThread "C2 CompilerThread0" daemon [_thread_in_native, id=680, stack(0x000000001a090000,0x000000001a190000)]

Stack: [0x000000001a090000,0x000000001a190000]
[error occurred during error reporting (printing stack bounds), id 0xc0000005]

Native frames: (J=compiled Java code, j=interpreted, Vv=VM code, C=native code)


Current CompileTask:
C2:   5910 4197   !   4       org.springframework.core.annotation.AnnotatedElementUtils::searchWithFindSemantics (774 bytes)


---------------  P R O C E S S  ---------------

Java Threads: ( => current thread )
  0x000000001ff6c800 JavaThread "Live Reload Server" daemon [_thread_in_native, id=6116, stack(0x0000000023360000,0x0000000023460000)]
  0x000000001ff6e800 JavaThread "HikariPool-1 connection adder" daemon [_thread_blocked, id=3076, stack(0x0000000022b60000,0x0000000022c60000)]
  0x000000001ff6b800 JavaThread "HikariPool-1 housekeeper" daemon [_thread_blocked, id=6292, stack(0x0000000022660000,0x0000000022760000)]
  0x000000001ff6a000 JavaThread "mysql-cj-abandoned-connection-cleanup" daemon [_thread_blocked, id=7012, stack(0x0000000021f40000,0x0000000022040000)]
  0x000000001ff69800 JavaThread "container-0" [_thread_blocked, id=14824, stack(0x0000000021e40000,0x0000000021f40000)]
  0x000000001ff6b000 JavaThread "Catalina-utility-2" [_thread_blocked, id=12172, stack(0x0000000020cc0000,0x0000000020dc0000)]
  0x000000001ff6e000 JavaThread "Catalina-utility-1" [_thread_blocked, id=8448, stack(0x0000000020bc0000,0x0000000020cc0000)]
  0x000000001af91000 JavaThread "restartedMain" [_thread_in_native, id=11344, stack(0x000000001c0b0000,0x000000001c1b0000)]
  0x000000001af8a800 JavaThread "Thread-0" [_thread_blocked, id=1060, stack(0x000000001bfb0000,0x000000001c0b0000)]
  0x0000000019942800 JavaThread "Service Thread" daemon [_thread_blocked, id=7440, stack(0x000000001a490000,0x000000001a590000)]
  0x00000000198bc800 JavaThread "C1 CompilerThread3" daemon [_thread_blocked, id=12772, stack(0x000000001a390000,0x000000001a490000)]
  0x00000000198b9800 JavaThread "C2 CompilerThread2" daemon [_thread_in_native, id=14872, stack(0x000000001a290000,0x000000001a390000)]
  0x00000000198b5800 JavaThread "C2 CompilerThread1" daemon [_thread_in_native, id=4456, stack(0x000000001a190000,0x000000001a290000)]
=>0x00000000198b1800 JavaThread "C2 CompilerThread0" daemon [_thread_in_native, id=680, stack(0x000000001a090000,0x000000001a190000)]
  0x00000000198ae800 JavaThread "Attach Listener" daemon [_thread_blocked, id=11116, stack(0x0000000019f90000,0x000000001a090000)]
  0x00000000179be800 JavaThread "Signal Dispatcher" daemon [_thread_blocked, id=13104, stack(0x0000000019e90000,0x0000000019f90000)]
  0x00000000198a0800 JavaThread "Finalizer" daemon [_thread_blocked, id=7552, stack(0x0000000019c80000,0x0000000019d80000)]
  0x0000000002a3c000 JavaThread "Reference Handler" daemon [_thread_blocked, id=13664, stack(0x0000000019780000,0x0000000019880000)]
  0x0000000002945000 JavaThread "main" [_thread_blocked, id=5692, stack(0x00000000027e0000,0x00000000028e0000)]

Other Threads:
  0x00000000179a9800 VMThread [stack: 0x0000000019680000,0x0000000019780000] [id=12000]
  0x000000001995d800 WatcherThread [stack: 0x000000001a6e0000,0x000000001a7e0000] [id=11260]

VM state:not at safepoint (normal execution)

VM Mutex/Monitor currently owned by a thread: None

Heap:
 PSYoungGen      total 111616K, used 98708K [0x00000000d5f80000, 0x00000000dee00000, 0x0000000100000000)
  eden space 102912K, 87% used [0x00000000d5f80000,0x00000000db766c68,0x00000000dc400000)
  from space 8704K, 99% used [0x00000000ddd00000,0x00000000de57e728,0x00000000de580000)
  to   space 4096K, 0% used [0x00000000dea00000,0x00000000dea00000,0x00000000dee00000)
 ParOldGen       total 56832K, used 22290K [0x0000000081e00000, 0x0000000085580000, 0x00000000d5f80000)
  object space 56832K, 39% used [0x0000000081e00000,0x00000000833c4b20,0x0000000085580000)
 Metaspace       used 53530K, capacity 55920K, committed 56104K, reserved 1097728K
  class space    used 7438K, capacity 7880K, committed 7976K, reserved 1048576K

Card table byte_map: [0x0000000011e00000,0x0000000012200000] byte_map_base: 0x00000000119f1000

Marking Bits: (ParMarkBitMap*) 0x0000000063f72d00
 Begin Bits: [0x0000000012cb0000, 0x0000000014c38000)
 End Bits:   [0x0000000014c38000, 0x0000000016bc0000)

Polling page: 0x0000000000ff0000

CodeCache: size=245760Kb used=15718Kb max_used=15718Kb free=230041Kb
 bounds [0x0000000002a40000, 0x00000000039b0000, 0x0000000011a40000]
 total_blobs=4737 nmethods=4220 adapters=428
 compilation: enabled

Compilation events (10 events):
Event: 5.896 Thread 0x00000000198bc800 4275       3       java.lang.ReflectiveOperationException::<init> (6 bytes)
Event: 5.896 Thread 0x00000000198bc800 nmethod 4275 0x0000000003983650 code [0x00000000039837c0, 0x00000000039839a8]
Event: 5.896 Thread 0x00000000198bc800 4277       1       org.springframework.cglib.core.Block::getCodeEmitter (5 bytes)
Event: 5.896 Thread 0x00000000198bc800 nmethod 4277 0x0000000003983390 code [0x00000000039834e0, 0x00000000039835f0]
Event: 5.896 Thread 0x00000000198bc800 4278       1       org.springframework.cglib.core.Block::getStart (5 bytes)
Event: 5.896 Thread 0x00000000198bc800 nmethod 4278 0x00000000039830d0 code [0x0000000003983220, 0x0000000003983330]
Event: 5.898 Thread 0x00000000198bc800 4279       3       org.springframework.core.MethodParameter::setContainingClass (6 bytes)
Event: 5.898 Thread 0x00000000198bc800 nmethod 4279 0x0000000003982d90 code [0x0000000003982ee0, 0x0000000003983050]
Event: 5.898 Thread 0x00000000198bc800 4280       1       org.springframework.beans.factory.support.AbstractBeanFactory::hasDestructionAwareBeanPostProcessors (5 bytes)
Event: 5.898 Thread 0x00000000198bc800 nmethod 4280 0x0000000003982ad0 code [0x0000000003982c20, 0x0000000003982d30]

GC Heap History (10 events):
Event: 1.057 GC heap before
{Heap before GC invocations=7 (full 1):
 PSYoungGen      total 71680K, used 66546K [0x00000000d5f80000, 0x00000000df280000, 0x0000000100000000)
  eden space 66560K, 99% used [0x00000000d5f80000,0x00000000da07c958,0x00000000da080000)
  from space 5120K, 0% used [0x00000000da080000,0x00000000da080000,0x00000000da580000)
  to   space 8704K, 0% used [0x00000000dea00000,0x00000000dea00000,0x00000000df280000)
 ParOldGen       total 56832K, used 5430K [0x0000000081e00000, 0x0000000085580000, 0x00000000d5f80000)
  object space 56832K, 9% used [0x0000000081e00000,0x000000008234da08,0x0000000085580000)
 Metaspace       used 23303K, capacity 24022K, committed 24320K, reserved 1071104K
  class space    used 3033K, capacity 3219K, committed 3328K, reserved 1048576K
Event: 1.060 GC heap after
Heap after GC invocations=7 (full 1):
 PSYoungGen      total 107008K, used 4000K [0x00000000d5f80000, 0x00000000dee00000, 0x0000000100000000)
  eden space 102912K, 0% used [0x00000000d5f80000,0x00000000d5f80000,0x00000000dc400000)
  from space 4096K, 97% used [0x00000000dea00000,0x00000000dede8200,0x00000000dee00000)
  to   space 8704K, 0% used [0x00000000ddd00000,0x00000000ddd00000,0x00000000de580000)
 ParOldGen       total 56832K, used 5502K [0x0000000081e00000, 0x0000000085580000, 0x00000000d5f80000)
  object space 56832K, 9% used [0x0000000081e00000,0x000000008235fa18,0x0000000085580000)
 Metaspace       used 23303K, capacity 24022K, committed 24320K, reserved 1071104K
  class space    used 3033K, capacity 3219K, committed 3328K, reserved 1048576K
}
Event: 2.160 GC heap before
{Heap before GC invocations=8 (full 1):
 PSYoungGen      total 107008K, used 106912K [0x00000000d5f80000, 0x00000000dee00000, 0x0000000100000000)
  eden space 102912K, 100% used [0x00000000d5f80000,0x00000000dc400000,0x00000000dc400000)
  from space 4096K, 97% used [0x00000000dea00000,0x00000000dede8200,0x00000000dee00000)
  to   space 8704K, 0% used [0x00000000ddd00000,0x00000000ddd00000,0x00000000de580000)
 ParOldGen       total 56832K, used 5502K [0x0000000081e00000, 0x0000000085580000, 0x00000000d5f80000)
  object space 56832K, 9% used [0x0000000081e00000,0x000000008235fa18,0x0000000085580000)
 Metaspace       used 30893K, capacity 32404K, committed 32640K, reserved 1077248K
  class space    used 4100K, capacity 4383K, committed 4480K, reserved 1048576K
Event: 2.169 GC heap after
Heap after GC invocations=8 (full 1):
 PSYoungGen      total 111616K, used 8703K [0x00000000d5f80000, 0x00000000dee00000, 0x0000000100000000)
  eden space 102912K, 0% used [0x00000000d5f80000,0x00000000d5f80000,0x00000000dc400000)
  from space 8704K, 99% used [0x00000000ddd00000,0x00000000de57fe08,0x00000000de580000)
  to   space 4096K, 0% used [0x00000000dea00000,0x00000000dea00000,0x00000000dee00000)
 ParOldGen       total 56832K, used 10646K [0x0000000081e00000, 0x0000000085580000, 0x00000000d5f80000)
  object space 56832K, 18% used [0x0000000081e00000,0x0000000082865b88,0x0000000085580000)
 Metaspace       used 30893K, capacity 32404K, committed 32640K, reserved 1077248K
  class space    used 4100K, capacity 4383K, committed 4480K, reserved 1048576K
}
Event: 2.484 GC heap before
{Heap before GC invocations=9 (full 1):
 PSYoungGen      total 111616K, used 109168K [0x00000000d5f80000, 0x00000000dee00000, 0x0000000100000000)
  eden space 102912K, 97% used [0x00000000d5f80000,0x00000000dc19c288,0x00000000dc400000)
  from space 8704K, 99% used [0x00000000ddd00000,0x00000000de57fe08,0x00000000de580000)
  to   space 4096K, 0% used [0x00000000dea00000,0x00000000dea00000,0x00000000dee00000)
 ParOldGen       total 56832K, used 10646K [0x0000000081e00000, 0x0000000085580000, 0x00000000d5f80000)
  object space 56832K, 18% used [0x0000000081e00000,0x0000000082865b88,0x0000000085580000)
 Metaspace       used 33877K, capacity 35484K, committed 35496K, reserved 1079296K
  class space    used 4464K, capacity 4769K, committed 4776K, reserved 1048576K
Event: 2.492 GC heap after
Heap after GC invocations=9 (full 1):
 PSYoungGen      total 107008K, used 4080K [0x00000000d5f80000, 0x00000000dee00000, 0x0000000100000000)
  eden space 102912K, 0% used [0x00000000d5f80000,0x00000000d5f80000,0x00000000dc400000)
  from space 4096K, 99% used [0x00000000dea00000,0x00000000dedfc020,0x00000000dee00000)
  to   space 8704K, 0% used [0x00000000ddd00000,0x00000000ddd00000,0x00000000de580000)
 ParOldGen       total 56832K, used 21046K [0x0000000081e00000, 0x0000000085580000, 0x00000000d5f80000)
  object space 56832K, 37% used [0x0000000081e00000,0x000000008328d958,0x0000000085580000)
 Metaspace       used 33877K, capacity 35484K, committed 35496K, reserved 1079296K
  class space    used 4464K, capacity 4769K, committed 4776K, reserved 1048576K
}
Event: 2.492 GC heap before
{Heap before GC invocations=10 (full 2):
 PSYoungGen      total 107008K, used 4080K [0x00000000d5f80000, 0x00000000dee00000, 0x0000000100000000)
  eden space 102912K, 0% used [0x00000000d5f80000,0x00000000d5f80000,0x00000000dc400000)
  from space 4096K, 99% used [0x00000000dea00000,0x00000000dedfc020,0x00000000dee00000)
  to   space 8704K, 0% used [0x00000000ddd00000,0x00000000ddd00000,0x00000000de580000)
 ParOldGen       total 56832K, used 21046K [0x0000000081e00000, 0x0000000085580000, 0x00000000d5f80000)
  object space 56832K, 37% used [0x0000000081e00000,0x000000008328d958,0x0000000085580000)
 Metaspace       used 33877K, capacity 35484K, committed 35496K, reserved 1079296K
  class space    used 4464K, capacity 4769K, committed 4776K, reserved 1048576K
Event: 2.557 GC heap after
Heap after GC invocations=10 (full 2):
 PSYoungGen      total 107008K, used 0K [0x00000000d5f80000, 0x00000000dee00000, 0x0000000100000000)
  eden space 102912K, 0% used [0x00000000d5f80000,0x00000000d5f80000,0x00000000dc400000)
  from space 4096K, 0% used [0x00000000dea00000,0x00000000dea00000,0x00000000dee00000)
  to   space 8704K, 0% used [0x00000000ddd00000,0x00000000ddd00000,0x00000000de580000)
 ParOldGen       total 56832K, used 18295K [0x0000000081e00000, 0x0000000085580000, 0x00000000d5f80000)
  object space 56832K, 32% used [0x0000000081e00000,0x0000000082fdddb0,0x0000000085580000)
 Metaspace       used 33877K, capacity 35484K, committed 35496K, reserved 1079296K
  class space    used 4464K, capacity 4769K, committed 4776K, reserved 1048576K
}
Event: 4.453 GC heap before
{Heap before GC invocations=11 (full 2):
 PSYoungGen      total 107008K, used 102912K [0x00000000d5f80000, 0x00000000dee00000, 0x0000000100000000)
  eden space 102912K, 100% used [0x00000000d5f80000,0x00000000dc400000,0x00000000dc400000)
  from space 4096K, 0% used [0x00000000dea00000,0x00000000dea00000,0x00000000dee00000)
  to   space 8704K, 0% used [0x00000000ddd00000,0x00000000ddd00000,0x00000000de580000)
 ParOldGen       total 56832K, used 18295K [0x0000000081e00000, 0x0000000085580000, 0x00000000d5f80000)
  object space 56832K, 32% used [0x0000000081e00000,0x0000000082fdddb0,0x0000000085580000)
 Metaspace       used 45829K, capacity 47628K, committed 47784K, reserved 1091584K
  class space    used 6211K, capacity 6555K, committed 6568K, reserved 1048576K
Event: 4.462 GC heap after
Heap after GC invocations=11 (full 2):
 PSYoungGen      total 111616K, used 8697K [0x00000000d5f80000, 0x00000000dee00000, 0x0000000100000000)
  eden space 102912K, 0% used [0x00000000d5f80000,0x00000000d5f80000,0x00000000dc400000)
  from space 8704K, 99% used [0x00000000ddd00000,0x00000000de57e728,0x00000000de580000)
  to   space 4096K, 0% used [0x00000000dea00000,0x00000000dea00000,0x00000000dee00000)
 ParOldGen       total 56832K, used 22290K [0x0000000081e00000, 0x0000000085580000, 0x00000000d5f80000)
  object space 56832K, 39% used [0x0000000081e00000,0x00000000833c4b20,0x0000000085580000)
 Metaspace       used 45829K, capacity 47628K, committed 47784K, reserved 1091584K
  class space    used 6211K, capacity 6555K, committed 6568K, reserved 1048576K
}

Deoptimization events (10 events):
Event: 5.752 Thread 0x000000001af91000 Uncommon trap: reason=array_check action=maybe_recompile pc=0x00000000038edaec method=java.util.AbstractCollection.toArray([Ljava/lang/Object;)[Ljava/lang/Object; @ 119
Event: 5.752 Thread 0x000000001af91000 Uncommon trap: reason=array_check action=maybe_recompile pc=0x00000000038edaec method=java.util.AbstractCollection.toArray([Ljava/lang/Object;)[Ljava/lang/Object; @ 119
Event: 5.774 Thread 0x000000001af91000 Uncommon trap: reason=unstable_if action=reinterpret pc=0x00000000034d44d8 method=org.springframework.boot.context.properties.source.ConfigurationPropertyName.elementEquals(Lorg/springframework/boot/context/properties/source/ConfigurationPropertyName$Elem
Event: 5.775 Thread 0x000000001af91000 Uncommon trap: reason=unstable_if action=reinterpret pc=0x00000000036c21e4 method=org.springframework.boot.context.properties.source.ConfigurationPropertyName.elementEquals(Lorg/springframework/boot/context/properties/source/ConfigurationPropertyName$Elem
Event: 5.781 Thread 0x000000001af91000 Uncommon trap: reason=class_check action=maybe_recompile pc=0x00000000038d1e98 method=org.springframework.core.annotation.AnnotationUtils.getAnnotatedMethodsInBaseType(Ljava/lang/Class;)Ljava/util/Set; @ 29
Event: 5.781 Thread 0x000000001af91000 Uncommon trap: reason=class_check action=maybe_recompile pc=0x00000000038d1e98 method=org.springframework.core.annotation.AnnotationUtils.getAnnotatedMethodsInBaseType(Ljava/lang/Class;)Ljava/util/Set; @ 29
Event: 5.781 Thread 0x000000001af91000 Uncommon trap: reason=class_check action=maybe_recompile pc=0x00000000038d1e98 method=org.springframework.core.annotation.AnnotationUtils.getAnnotatedMethodsInBaseType(Ljava/lang/Class;)Ljava/util/Set; @ 29
Event: 5.781 Thread 0x000000001af91000 Uncommon trap: reason=class_check action=maybe_recompile pc=0x00000000038d1e98 method=org.springframework.core.annotation.AnnotationUtils.getAnnotatedMethodsInBaseType(Ljava/lang/Class;)Ljava/util/Set; @ 29
Event: 5.860 Thread 0x000000001af91000 Uncommon trap: reason=unstable_if action=reinterpret pc=0x00000000036eb160 method=java.util.concurrent.ConcurrentHashMap.putVal(Ljava/lang/Object;Ljava/lang/Object;Z)Ljava/lang/Object; @ 331
Event: 5.861 Thread 0x000000001af91000 Uncommon trap: reason=unstable_if action=reinterpret pc=0x00000000035b32ec method=java.util.concurrent.ConcurrentHashMap.get(Ljava/lang/Object;)Ljava/lang/Object; @ 86

Classes redefined (0 events):
No events

Internal exceptions (10 events):
Event: 5.760 Thread 0x000000001af91000 Exception <a 'java/lang/ClassNotFoundException': org/springframework/web/servlet/config/annotation/DelegatingWebMvcConfigurationCustomizer> (0x00000000da7cf958) thrown at [C:\re\workspace\8-2-build-windows-amd64-cygwin\jdk8u181\11358\hotspot\src\share\vm\
Event: 5.760 Thread 0x000000001af91000 Exception <a 'java/lang/ClassNotFoundException': org/springframework/boot/autoconfigure/web/servlet/WebMvcAutoConfiguration$EnableWebMvcConfigurationCustomizer> (0x00000000da7f2408) thrown at [C:\re\workspace\8-2-build-windows-amd64-cygwin\jdk8u181\11358\
Event: 5.761 Thread 0x000000001af91000 Exception <a 'java/lang/ClassNotFoundException': org/springframework/boot/autoconfigure/web/servlet/WebMvcAutoConfiguration$EnableWebMvcConfiguration$$EnhancerBySpringCGLIB$$9b0674d1Customizer> (0x00000000da81ee68) thrown at [C:\re\workspace\8-2-build-win
Event: 5.762 Thread 0x000000001af91000 Exception <a 'java/lang/ClassNotFoundException': org/springframework/context/annotation/ConfigurationClassEnhancer$EnhancedConfigurationCustomizer> (0x00000000da859ae0) thrown at [C:\re\workspace\8-2-build-windows-amd64-cygwin\jdk8u181\11358\hotspot\src\s
Event: 5.762 Thread 0x000000001af91000 Exception <a 'java/lang/ClassNotFoundException': org/springframework/beans/factory/BeanFactoryAwareCustomizer> (0x00000000da86cc18) thrown at [C:\re\workspace\8-2-build-windows-amd64-cygwin\jdk8u181\11358\hotspot\src\share\vm\classfile\systemDictionary.cp
Event: 5.762 Thread 0x000000001af91000 Exception <a 'java/lang/ClassNotFoundException': org/springframework/beans/factory/AwareCustomizer> (0x00000000da87eb40) thrown at [C:\re\workspace\8-2-build-windows-amd64-cygwin\jdk8u181\11358\hotspot\src\share\vm\classfile\systemDictionary.cpp, line 210
Event: 5.763 Thread 0x000000001af91000 Exception <a 'java/lang/ClassNotFoundException': org/springframework/context/ApplicationContextAwareCustomizer> (0x00000000da891ef0) thrown at [C:\re\workspace\8-2-build-windows-amd64-cygwin\jdk8u181\11358\hotspot\src\share\vm\classfile\systemDictionary.c
Event: 5.763 Thread 0x000000001af91000 Exception <a 'java/lang/ClassNotFoundException': org/springframework/beans/factory/AwareCustomizer> (0x00000000da8a3f18) thrown at [C:\re\workspace\8-2-build-windows-amd64-cygwin\jdk8u181\11358\hotspot\src\share\vm\classfile\systemDictionary.cpp, line 210
Event: 5.763 Thread 0x000000001af91000 Exception <a 'java/lang/ClassNotFoundException': org/springframework/web/context/ServletContextAwareCustomizer> (0x00000000da8b72b0) thrown at [C:\re\workspace\8-2-build-windows-amd64-cygwin\jdk8u181\11358\hotspot\src\share\vm\classfile\systemDictionary.c
Event: 5.764 Thread 0x000000001af91000 Exception <a 'java/lang/ClassNotFoundException': org/springframework/beans/factory/AwareCustomizer> (0x00000000da8c8d48) thrown at [C:\re\workspace\8-2-build-windows-amd64-cygwin\jdk8u181\11358\hotspot\src\share\vm\classfile\systemDictionary.cpp, line 210

Events (10 events):
Event: 5.896 loading class org/springframework/data/web/SortHandlerMethodArgumentResolver
Event: 5.896 loading class org/springframework/data/web/SortHandlerMethodArgumentResolver done
Event: 5.897 loading class org/springframework/web/method/support/ModelAndViewContainer
Event: 5.897 loading class org/springframework/web/method/support/ModelAndViewContainer done
Event: 5.897 loading class javax/annotation/Nonnull
Event: 5.897 loading class javax/annotation/Nonnull done
Event: 5.898 loading class javax/annotation/Nonnull
Event: 5.898 loading class javax/annotation/Nonnull done
Event: 5.899 loading class org/springframework/data/domain/PageRequest
Event: 5.899 loading class org/springframework/data/domain/PageRequest done


Dynamic libraries:
0x00007ff7869a0000 - 0x00007ff7869d7000 	C:\Program Files\Java\jre1.8.0_181\bin\javaw.exe
0x00007ff930cd0000 - 0x00007ff930eb1000 	C:\WINDOWS\SYSTEM32\ntdll.dll
0x00007ff92f2a0000 - 0x00007ff92f351000 	C:\WINDOWS\System32\KERNEL32.DLL
0x00007ff92d8b0000 - 0x00007ff92db23000 	C:\WINDOWS\System32\KERNELBASE.dll
0x00007ff92f360000 - 0x00007ff92f401000 	C:\WINDOWS\System32\ADVAPI32.dll
0x00007ff92e160000 - 0x00007ff92e1fe000 	C:\WINDOWS\System32\msvcrt.dll
0x00007ff92e940000 - 0x00007ff92e99b000 	C:\WINDOWS\System32\sechost.dll
0x00007ff92ef60000 - 0x00007ff92f084000 	C:\WINDOWS\System32\RPCRT4.dll
0x00007ff92e380000 - 0x00007ff92e510000 	C:\WINDOWS\System32\USER32.dll
0x00007ff92e090000 - 0x00007ff92e0b0000 	C:\WINDOWS\System32\win32u.dll
0x00007ff92ef30000 - 0x00007ff92ef58000 	C:\WINDOWS\System32\GDI32.dll
0x00007ff92dca0000 - 0x00007ff92de31000 	C:\WINDOWS\System32\gdi32full.dll
0x00007ff92dc00000 - 0x00007ff92dc9f000 	C:\WINDOWS\System32\msvcp_win.dll
0x00007ff92d0a0000 - 0x00007ff92d198000 	C:\WINDOWS\System32\ucrtbase.dll
0x00007ff91fc10000 - 0x00007ff91fe79000 	C:\WINDOWS\WinSxS\amd64_microsoft.windows.common-controls_6595b64144ccf1df_6.0.17134.950_none_fb3da4273069d3e0\COMCTL32.dll
0x00007ff92eb30000 - 0x00007ff92ee52000 	C:\WINDOWS\System32\combase.dll
0x00007ff92db80000 - 0x00007ff92dbf9000 	C:\WINDOWS\System32\bcryptPrimitives.dll
0x00007ff92e9b0000 - 0x00007ff92e9dd000 	C:\WINDOWS\System32\IMM32.DLL
0x00000000630c0000 - 0x0000000063192000 	C:\Program Files\Java\jre1.8.0_181\bin\msvcr100.dll
0x0000000063750000 - 0x0000000063ff2000 	C:\Program Files\Java\jre1.8.0_181\bin\server\jvm.dll
0x00007ff92e920000 - 0x00007ff92e928000 	C:\WINDOWS\System32\PSAPI.DLL
0x00007ff920290000 - 0x00007ff920299000 	C:\WINDOWS\SYSTEM32\WSOCK32.dll
0x00007ff928b90000 - 0x00007ff928b9a000 	C:\WINDOWS\SYSTEM32\VERSION.dll
0x00007ff921760000 - 0x00007ff921783000 	C:\WINDOWS\SYSTEM32\WINMM.dll
0x00007ff92eaa0000 - 0x00007ff92eb0c000 	C:\WINDOWS\System32\WS2_32.dll
0x00007ff9216d0000 - 0x00007ff9216fa000 	C:\WINDOWS\SYSTEM32\WINMMBASE.dll
0x00007ff92db30000 - 0x00007ff92db79000 	C:\WINDOWS\System32\cfgmgr32.dll
0x0000000063660000 - 0x000000006366f000 	C:\Program Files\Java\jre1.8.0_181\bin\verify.dll
0x0000000063630000 - 0x0000000063659000 	C:\Program Files\Java\jre1.8.0_181\bin\java.dll
0x0000000063610000 - 0x0000000063626000 	C:\Program Files\Java\jre1.8.0_181\bin\zip.dll
0x00007ff92f410000 - 0x00007ff930850000 	C:\WINDOWS\System32\SHELL32.dll
0x00007ff92f1f0000 - 0x00007ff92f299000 	C:\WINDOWS\System32\shcore.dll
0x00007ff92d1a0000 - 0x00007ff92d8ad000 	C:\WINDOWS\System32\windows.storage.dll
0x00007ff92e9e0000 - 0x00007ff92ea31000 	C:\WINDOWS\System32\shlwapi.dll
0x00007ff92d080000 - 0x00007ff92d091000 	C:\WINDOWS\System32\kernel.appcore.dll
0x00007ff92d060000 - 0x00007ff92d07f000 	C:\WINDOWS\System32\profapi.dll
0x00007ff92cfe0000 - 0x00007ff92d02c000 	C:\WINDOWS\System32\powrprof.dll
0x00007ff92d030000 - 0x00007ff92d03a000 	C:\WINDOWS\System32\FLTLIB.DLL
0x00000000630b0000 - 0x00000000630bd000 	C:\Program Files\Java\jre1.8.0_181\bin\management.dll
0x00000000635f0000 - 0x000000006360a000 	C:\Program Files\Java\jre1.8.0_181\bin\net.dll
0x00007ff92c800000 - 0x00007ff92c866000 	C:\WINDOWS\system32\mswsock.dll
0x00007ff91da40000 - 0x00007ff91da56000 	C:\WINDOWS\system32\napinsp.dll
0x00007ff91d440000 - 0x00007ff91d45a000 	C:\WINDOWS\system32\pnrpnsp.dll
0x00007ff927a70000 - 0x00007ff927a89000 	C:\WINDOWS\system32\NLAapi.dll
0x00007ff92c590000 - 0x00007ff92c64e000 	C:\WINDOWS\SYSTEM32\DNSAPI.dll
0x00007ff92e930000 - 0x00007ff92e938000 	C:\WINDOWS\System32\NSI.dll
0x00007ff92c550000 - 0x00007ff92c588000 	C:\WINDOWS\SYSTEM32\IPHLPAPI.DLL
0x00007ff91d430000 - 0x00007ff91d43e000 	C:\WINDOWS\System32\winrnr.dll
0x00007ff925e70000 - 0x00007ff925e85000 	C:\WINDOWS\System32\wshbth.dll
0x00007ff924040000 - 0x00007ff92404a000 	C:\Windows\System32\rasadhlp.dll
0x00007ff925cb0000 - 0x00007ff925d22000 	C:\WINDOWS\System32\fwpuclnt.dll
0x00007ff92cb40000 - 0x00007ff92cb65000 	C:\WINDOWS\SYSTEM32\bcrypt.dll
0x00000000635d0000 - 0x00000000635e1000 	C:\Program Files\Java\jre1.8.0_181\bin\nio.dll
0x00007ff92c9b0000 - 0x00007ff92c9c7000 	C:\WINDOWS\SYSTEM32\CRYPTSP.dll
0x00007ff92c3b0000 - 0x00007ff92c3e3000 	C:\WINDOWS\system32\rsaenh.dll
0x00007ff92cee0000 - 0x00007ff92cf08000 	C:\WINDOWS\SYSTEM32\USERENV.dll
0x00007ff92c9d0000 - 0x00007ff92c9db000 	C:\WINDOWS\SYSTEM32\CRYPTBASE.dll
0x00007ff925df0000 - 0x00007ff925e06000 	C:\WINDOWS\SYSTEM32\dhcpcsvc6.DLL
0x00007ff925c90000 - 0x00007ff925caa000 	C:\WINDOWS\SYSTEM32\dhcpcsvc.DLL

VM Arguments:
jvm_args: -Dfile.encoding=UTF-8 
java_command: br.com.devdojo.SpringbootEssentialsApplication
java_class_path (initial): C:\Rodrigo\Profissional\Cursos_Alura\SPRING-BOOT\demo\target\classes;C:\Users\rodri\.m2\repository\org\springframework\boot\spring-boot-starter-web\2.1.4.RELEASE\spring-boot-starter-web-2.1.4.RELEASE.jar;C:\Users\rodri\.m2\repository\org\springframework\boot\spring-boot-starter\2.1.4.RELEASE\spring-boot-starter-2.1.4.RELEASE.jar;C:\Users\rodri\.m2\repository\org\springframework\boot\spring-boot-starter-logging\2.1.4.RELEASE\spring-boot-starter-logging-2.1.4.RELEASE.jar;C:\Users\rodri\.m2\repository\ch\qos\logback\logback-classic\1.2.3\logback-classic-1.2.3.jar;C:\Users\rodri\.m2\repository\ch\qos\logback\logback-core\1.2.3\logback-core-1.2.3.jar;C:\Users\rodri\.m2\repository\org\apache\logging\log4j\log4j-to-slf4j\2.11.2\log4j-to-slf4j-2.11.2.jar;C:\Users\rodri\.m2\repository\org\apache\logging\log4j\log4j-api\2.11.2\log4j-api-2.11.2.jar;C:\Users\rodri\.m2\repository\org\slf4j\jul-to-slf4j\1.7.26\jul-to-slf4j-1.7.26.jar;C:\Users\rodri\.m2\repository\javax\annotation\javax.annotation-api\1.3.2\javax.annotation-api-1.3.2.jar;C:\Users\rodri\.m2\repository\org\yaml\snakeyaml\1.23\snakeyaml-1.23.jar;C:\Users\rodri\.m2\repository\org\springframework\boot\spring-boot-starter-json\2.1.4.RELEASE\spring-boot-starter-json-2.1.4.RELEASE.jar;C:\Users\rodri\.m2\repository\com\fasterxml\jackson\core\jackson-databind\2.9.8\jackson-databind-2.9.8.jar;C:\Users\rodri\.m2\repository\com\fasterxml\jackson\core\jackson-annotations\2.9.0\jackson-annotations-2.9.0.jar;C:\Users\rodri\.m2\repository\com\fasterxml\jackson\core\jackson-core\2.9.8\jackson-core-2.9.8.jar;C:\Users\rodri\.m2\repository\com\fasterxml\jackson\datatype\jackson-datatype-jdk8\2.9.8\jackson-datatype-jdk8-2.9.8.jar;C:\Users\rodri\.m2\repository\com\fasterxml\jackson\datatype\jackson-datatype-jsr310\2.9.8\jackson-datatype-jsr310-2.9.8.jar;C:\Users\rodri\.m2\repository\com\fasterxml\jackson\module\jackson-module-parameter-names\2.9.8\jackson-module-parameter-names-2.9.8.jar;C:\Users\rodri\.m2\r
Launcher Type: SUN_STANDARD

Environment Variables:
JAVA_HOME=C:\Program Files\Java\jdk1.8.0_181
PATH=C:/Program Files/Java/jre1.8.0_181/bin/server;C:/Program Files/Java/jre1.8.0_181/bin;C:/Program Files/Java/jre1.8.0_181/lib/amd64;C:\Program Files (x86)\Common Files\Oracle\Java\javapath;C:\Program Files (x86)\Intel\iCLS Client\;C:\Program Files\Intel\iCLS Client\;C:\Windows\system32;C:\Windows;C:\Windows\System32\Wbem;C:\Windows\System32\WindowsPowerShell\v1.0\;C:\Program Files (x86)\Intel\Intel(R) Management Engine Components\DAL;C:\Program Files\Intel\Intel(R) Management Engine Components\DAL;C:\Program Files (x86)\Intel\Intel(R) Management Engine Components\IPT;C:\Program Files\Intel\Intel(R) Management Engine Components\IPT;C:\Program Files (x86)\NVIDIA Corporation\PhysX\Common;C:\Program Files\Java\jdk1.8.0_181\bin;C:\Users\rodri\AppData\Local\Android\Sdk\tools;C:\Users\rodri\AppData\Local\Android\Sdk\tools\bin;C:\Users\rodri\AppData\Local\Android\Sdk\platform-tools;C:\Program Files\nodejs\;C:\WINDOWS\system32;C:\WINDOWS;C:\WINDOWS\System32\Wbem;C:\WINDOWS\System32\WindowsPowerShell\v1.0\;C:\WINDOWS\System32\OpenSSH\;C:\Program Files\JBossForge\forge\bin;C:\Program Files\dotnet\;C:\Program Files\Microsoft SQL Server\130\Tools\Binn\;C:\Program Files\Microsoft SQL Server\Client SDK\ODBC\170\Tools\Binn\;C:\apache-maven-3.6.1\bin;C:\apache-maven-3.6.1\bin;C:\Users\rodri\AppData\Local\Programs\Python\Python37-32\Scripts\;C:\Users\rodri\AppData\Local\Programs\Python\Python37-32\;C:\Users\rodri\AppData\Local\Microsoft\WindowsApps;C:\Users\rodri\AppData\Local\Programs\Microsoft VS Code\bin;C:\Program Files\Java\jdk1.8.0_181\bin;C:\Users\rodri\AppData\Local\Android\Sdk\tools\bin;C:\Users\rodri\AppData\Local\Android\Sdk\platform-tools;C:\Users\rodri\AppData\Local\Android\Sdk\tools;C:\Users\rodri\AppData\Roaming\npm;C:\Program Files\JBossForge\forge\bin;C:\Users\rodri\.dotnet\tools;C:\apache-maven-3.6.1\bin;C:\Program Files\MySQL\MySQL Workbench 8.0 CE;;C:\Program Files\EclipseEE\eclipse_2018-12;
USERNAME=rodri
OS=Windows_NT
PROCESSOR_IDENTIFIER=Intel64 Family 6 Model 142 Stepping 10, GenuineIntel



---------------  S Y S T E M  ---------------

OS: Windows 10.0 , 64 bit Build 17134 (10.0.17134.753)

CPU:total 8 (initial active 8) (4 cores per cpu, 2 threads per core) family 6 model 142 stepping 10, cmov, cx8, fxsr, mmx, sse, sse2, sse3, ssse3, sse4.1, sse4.2, popcnt, avx, avx2, aes, clmul, erms, 3dnowpref, lzcnt, ht, tsc, tscinvbit, bmi1, bmi2, adx

Memory: 4k page, physical 8260324k(1735100k free), swap 10210020k(5184k free)

vm_info: Java HotSpot(TM) 64-Bit Server VM (25.181-b13) for windows-amd64 JRE (1.8.0_181-b13), built on Jul  7 2018 04:01:33 by "java_re" with MS VC++ 10.0 (VS2010)

time: Fri Aug 16 00:36:21 2019
elapsed time: 5 seconds (0d 0h 0m 5s)

