#
# There is insufficient memory for the Java Runtime Environment to continue.
# Native memory allocation (malloc) failed to allocate 1113216 bytes for Chunk::new
# Possible reasons:
#   The system is out of physical RAM or swap space
#   In 32 bit mode, the process size limit was hit
# Possible solutions:
#   Reduce memory load on the system
#   Increase physical memory or swap space
#   Check if swap backing store is full
#   Use 64 bit Java on a 64 bit OS
#   Decrease Java heap size (-Xmx/-Xms)
#   Decrease number of Java threads
#   Decrease Java thread stack sizes (-Xss)
#   Set larger code cache with -XX:ReservedCodeCacheSize=
# This output file may be truncated or incomplete.
#
#  Out of Memory Error (allocation.cpp:390), pid=6556, tid=0x0000000000001c80
#
# JRE version: Java(TM) SE Runtime Environment (8.0_181-b13) (build 1.8.0_181-b13)
# Java VM: Java HotSpot(TM) 64-Bit Server VM (25.181-b13 mixed mode windows-amd64 compressed oops)
# Failed to write core dump. Minidumps are not enabled by default on client versions of Windows
#

---------------  T H R E A D  ---------------

Current thread (0x0000000019e34000):  JavaThread "C2 CompilerThread2" daemon [_thread_in_native, id=7296, stack(0x000000001a800000,0x000000001a900000)]

Stack: [0x000000001a800000,0x000000001a900000]
[error occurred during error reporting (printing stack bounds), id 0xc0000005]

Native frames: (J=compiled Java code, j=interpreted, Vv=VM code, C=native code)


Current CompileTask:
C2:   4730 3446   !   4       org.springframework.core.annotation.AnnotatedElementUtils::searchWithFindSemantics (774 bytes)


---------------  P R O C E S S  ---------------

Java Threads: ( => current thread )
  0x000000001ed70800 JavaThread "mysql-cj-abandoned-connection-cleanup" daemon [_thread_blocked, id=4800, stack(0x00000000214d0000,0x00000000215d0000)]
  0x000000001ed6f000 JavaThread "container-0" [_thread_blocked, id=3500, stack(0x00000000213d0000,0x00000000214d0000)]
  0x000000001ed6e000 JavaThread "Catalina-utility-2" [_thread_blocked, id=4056, stack(0x00000000212d0000,0x00000000213d0000)]
  0x000000001ed6f800 JavaThread "Catalina-utility-1" [_thread_blocked, id=8128, stack(0x0000000020d10000,0x0000000020e10000)]
  0x000000001b520800 JavaThread "restartedMain" [_thread_in_Java, id=7216, stack(0x000000001c620000,0x000000001c720000)]
  0x000000001b4bb000 JavaThread "Thread-0" [_thread_blocked, id=3444, stack(0x000000001c520000,0x000000001c620000)]
  0x0000000019eca800 JavaThread "Service Thread" daemon [_thread_blocked, id=12904, stack(0x000000001aa00000,0x000000001ab00000)]
  0x0000000019e38000 JavaThread "C1 CompilerThread3" daemon [_thread_blocked, id=5588, stack(0x000000001a900000,0x000000001aa00000)]
=>0x0000000019e34000 JavaThread "C2 CompilerThread2" daemon [_thread_in_native, id=7296, stack(0x000000001a800000,0x000000001a900000)]
  0x0000000019e27800 JavaThread "C2 CompilerThread1" daemon [_thread_in_native, id=11512, stack(0x000000001a700000,0x000000001a800000)]
  0x0000000019e24800 JavaThread "C2 CompilerThread0" daemon [_thread_in_native, id=10908, stack(0x000000001a600000,0x000000001a700000)]
  0x0000000019e1f000 JavaThread "Attach Listener" daemon [_thread_blocked, id=15084, stack(0x000000001a500000,0x000000001a600000)]
  0x0000000019e1e000 JavaThread "Signal Dispatcher" daemon [_thread_blocked, id=3164, stack(0x000000001a400000,0x000000001a500000)]
  0x0000000019e10800 JavaThread "Finalizer" daemon [_thread_blocked, id=404, stack(0x000000001a1f0000,0x000000001a2f0000)]
  0x0000000017f1d800 JavaThread "Reference Handler" daemon [_thread_blocked, id=14508, stack(0x0000000019cf0000,0x0000000019df0000)]
  0x0000000002e84800 JavaThread "main" [_thread_blocked, id=15232, stack(0x0000000002d80000,0x0000000002e80000)]

Other Threads:
  0x0000000017f19000 VMThread [stack: 0x0000000019bf0000,0x0000000019cf0000] [id=11648]
  0x0000000019edd000 WatcherThread [stack: 0x000000001ac50000,0x000000001ad50000] [id=14128]

VM state:not at safepoint (normal execution)

VM Mutex/Monitor currently owned by a thread: None

Heap:
 PSYoungGen      total 94208K, used 4271K [0x00000000d5f80000, 0x00000000ddc00000, 0x0000000100000000)
  eden space 81408K, 5% used [0x00000000d5f80000,0x00000000d63abfc0,0x00000000daf00000)
  from space 12800K, 0% used [0x00000000daf00000,0x00000000daf00000,0x00000000dbb80000)
  to   space 14848K, 0% used [0x00000000dcd80000,0x00000000dcd80000,0x00000000ddc00000)
 ParOldGen       total 102912K, used 17776K [0x0000000081e00000, 0x0000000088280000, 0x00000000d5f80000)
  object space 102912K, 17% used [0x0000000081e00000,0x0000000082f5c3c0,0x0000000088280000)
 Metaspace       used 34532K, capacity 36150K, committed 36392K, reserved 1081344K
  class space    used 4529K, capacity 4840K, committed 4904K, reserved 1048576K

Card table byte_map: [0x0000000012340000,0x0000000012740000] byte_map_base: 0x0000000011f31000

Marking Bits: (ParMarkBitMap*) 0x0000000071ce2d00
 Begin Bits: [0x00000000131f0000, 0x0000000015178000)
 End Bits:   [0x0000000015178000, 0x0000000017100000)

Polling page: 0x0000000000ff0000

CodeCache: size=245760Kb used=12913Kb max_used=12913Kb free=232846Kb
 bounds [0x0000000002f80000, 0x0000000003c30000, 0x0000000011f80000]
 total_blobs=3966 nmethods=3545 adapters=332
 compilation: enabled

Compilation events (10 events):
Event: 4.715 Thread 0x0000000019e38000 3562       3       java.util.regex.Pattern::closure (477 bytes)
Event: 4.717 Thread 0x0000000019e38000 nmethod 3562 0x0000000003c23090 code [0x0000000003c236e0, 0x0000000003c275e8]
Event: 4.723 Thread 0x0000000019e38000 3563       3       java.util.regex.ASCII::isType (15 bytes)
Event: 4.723 Thread 0x0000000019e38000 nmethod 3563 0x0000000003080410 code [0x0000000003080580, 0x00000000030807f0]
Event: 4.723 Thread 0x0000000019e38000 3564       3       java.util.regex.ASCII::getType (17 bytes)
Event: 4.723 Thread 0x0000000019e38000 nmethod 3564 0x00000000030a69d0 code [0x00000000030a6b40, 0x00000000030a6d10]
Event: 4.723 Thread 0x0000000019e38000 3565       3       jdk.internal.org.objectweb.asm.FieldVisitor::<init> (35 bytes)
Event: 4.723 Thread 0x0000000019e38000 nmethod 3565 0x0000000003082f90 code [0x0000000003083100, 0x0000000003083408]
Event: 4.727 Thread 0x0000000019e27800 3566       4       java.util.Properties::load0 (250 bytes)
Event: 4.727 Thread 0x0000000019e38000 3567       3       java.util.Properties$LineReader::readLine (468 bytes)

GC Heap History (10 events):
Event: 2.356 GC heap before
{Heap before GC invocations=7 (full 1):
 PSYoungGen      total 71680K, used 66560K [0x00000000d5f80000, 0x00000000daa80000, 0x0000000100000000)
  eden space 66560K, 100% used [0x00000000d5f80000,0x00000000da080000,0x00000000da080000)
  from space 5120K, 0% used [0x00000000da080000,0x00000000da080000,0x00000000da580000)
  to   space 5120K, 0% used [0x00000000da580000,0x00000000da580000,0x00000000daa80000)
 ParOldGen       total 60416K, used 5785K [0x0000000081e00000, 0x0000000085900000, 0x00000000d5f80000)
  object space 60416K, 9% used [0x0000000081e00000,0x00000000823a6568,0x0000000085900000)
 Metaspace       used 23348K, capacity 24026K, committed 24320K, reserved 1071104K
  class space    used 3026K, capacity 3219K, committed 3328K, reserved 1048576K
Event: 2.359 GC heap after
Heap after GC invocations=7 (full 1):
 PSYoungGen      total 67584K, used 3680K [0x00000000d5f80000, 0x00000000dcd00000, 0x0000000100000000)
  eden space 62464K, 0% used [0x00000000d5f80000,0x00000000d5f80000,0x00000000d9c80000)
  from space 5120K, 71% used [0x00000000da580000,0x00000000da9182d8,0x00000000daa80000)
  to   space 9216K, 0% used [0x00000000d9c80000,0x00000000d9c80000,0x00000000da580000)
 ParOldGen       total 60416K, used 5857K [0x0000000081e00000, 0x0000000085900000, 0x00000000d5f80000)
  object space 60416K, 9% used [0x0000000081e00000,0x00000000823b8578,0x0000000085900000)
 Metaspace       used 23348K, capacity 24026K, committed 24320K, reserved 1071104K
  class space    used 3026K, capacity 3219K, committed 3328K, reserved 1048576K
}
Event: 3.356 GC heap before
{Heap before GC invocations=8 (full 1):
 PSYoungGen      total 67584K, used 66144K [0x00000000d5f80000, 0x00000000dcd00000, 0x0000000100000000)
  eden space 62464K, 100% used [0x00000000d5f80000,0x00000000d9c80000,0x00000000d9c80000)
  from space 5120K, 71% used [0x00000000da580000,0x00000000da9182d8,0x00000000daa80000)
  to   space 9216K, 0% used [0x00000000d9c80000,0x00000000d9c80000,0x00000000da580000)
 ParOldGen       total 60416K, used 5857K [0x0000000081e00000, 0x0000000085900000, 0x00000000d5f80000)
  object space 60416K, 9% used [0x0000000081e00000,0x00000000823b8578,0x0000000085900000)
 Metaspace       used 27372K, capacity 28434K, committed 28672K, reserved 1075200K
  class space    used 3574K, capacity 3814K, committed 3840K, reserved 1048576K
Event: 3.363 GC heap after
Heap after GC invocations=8 (full 1):
 PSYoungGen      total 71680K, used 8285K [0x00000000d5f80000, 0x00000000dc600000, 0x0000000100000000)
  eden space 62464K, 0% used [0x00000000d5f80000,0x00000000d5f80000,0x00000000d9c80000)
  from space 9216K, 89% used [0x00000000d9c80000,0x00000000da497648,0x00000000da580000)
  to   space 10240K, 0% used [0x00000000dbc00000,0x00000000dbc00000,0x00000000dc600000)
 ParOldGen       total 60416K, used 5865K [0x0000000081e00000, 0x0000000085900000, 0x00000000d5f80000)
  object space 60416K, 9% used [0x0000000081e00000,0x00000000823ba578,0x0000000085900000)
 Metaspace       used 27372K, capacity 28434K, committed 28672K, reserved 1075200K
  class space    used 3574K, capacity 3814K, committed 3840K, reserved 1048576K
}
Event: 4.355 GC heap before
{Heap before GC invocations=9 (full 1):
 PSYoungGen      total 71680K, used 70747K [0x00000000d5f80000, 0x00000000dc600000, 0x0000000100000000)
  eden space 62464K, 99% used [0x00000000d5f80000,0x00000000d9c7f848,0x00000000d9c80000)
  from space 9216K, 89% used [0x00000000d9c80000,0x00000000da497648,0x00000000da580000)
  to   space 10240K, 0% used [0x00000000dbc00000,0x00000000dbc00000,0x00000000dc600000)
 ParOldGen       total 60416K, used 5865K [0x0000000081e00000, 0x0000000085900000, 0x00000000d5f80000)
  object space 60416K, 9% used [0x0000000081e00000,0x00000000823ba578,0x0000000085900000)
 Metaspace       used 31765K, capacity 33330K, committed 33536K, reserved 1079296K
  class space    used 4199K, capacity 4514K, committed 4608K, reserved 1048576K
Event: 4.362 GC heap after
Heap after GC invocations=9 (full 1):
 PSYoungGen      total 91648K, used 10235K [0x00000000d5f80000, 0x00000000dc800000, 0x0000000100000000)
  eden space 81408K, 0% used [0x00000000d5f80000,0x00000000d5f80000,0x00000000daf00000)
  from space 10240K, 99% used [0x00000000dbc00000,0x00000000dc5fedf8,0x00000000dc600000)
  to   space 12800K, 0% used [0x00000000daf00000,0x00000000daf00000,0x00000000dbb80000)
 ParOldGen       total 60416K, used 8922K [0x0000000081e00000, 0x0000000085900000, 0x00000000d5f80000)
  object space 60416K, 14% used [0x0000000081e00000,0x00000000826b6a90,0x0000000085900000)
 Metaspace       used 31765K, capacity 33330K, committed 33536K, reserved 1079296K
  class space    used 4199K, capacity 4514K, committed 4608K, reserved 1048576K
}
Event: 4.620 GC heap before
{Heap before GC invocations=10 (full 1):
 PSYoungGen      total 91648K, used 83336K [0x00000000d5f80000, 0x00000000dc800000, 0x0000000100000000)
  eden space 81408K, 89% used [0x00000000d5f80000,0x00000000da6e35b8,0x00000000daf00000)
  from space 10240K, 99% used [0x00000000dbc00000,0x00000000dc5fedf8,0x00000000dc600000)
  to   space 12800K, 0% used [0x00000000daf00000,0x00000000daf00000,0x00000000dbb80000)
 ParOldGen       total 60416K, used 8922K [0x0000000081e00000, 0x0000000085900000, 0x00000000d5f80000)
  object space 60416K, 14% used [0x0000000081e00000,0x00000000826b6a90,0x0000000085900000)
 Metaspace       used 33880K, capacity 35484K, committed 35496K, reserved 1079296K
  class space    used 4463K, capacity 4769K, committed 4776K, reserved 1048576K
Event: 4.630 GC heap after
Heap after GC invocations=10 (full 1):
 PSYoungGen      total 94208K, used 12787K [0x00000000d5f80000, 0x00000000ddc00000, 0x0000000100000000)
  eden space 81408K, 0% used [0x00000000d5f80000,0x00000000d5f80000,0x00000000daf00000)
  from space 12800K, 99% used [0x00000000daf00000,0x00000000dbb7ccc0,0x00000000dbb80000)
  to   space 14848K, 0% used [0x00000000dcd80000,0x00000000dcd80000,0x00000000ddc00000)
 ParOldGen       total 60416K, used 9205K [0x0000000081e00000, 0x0000000085900000, 0x00000000d5f80000)
  object space 60416K, 15% used [0x0000000081e00000,0x00000000826fd6c8,0x0000000085900000)
 Metaspace       used 33880K, capacity 35484K, committed 35496K, reserved 1079296K
  class space    used 4463K, capacity 4769K, committed 4776K, reserved 1048576K
}
Event: 4.630 GC heap before
{Heap before GC invocations=11 (full 2):
 PSYoungGen      total 94208K, used 12787K [0x00000000d5f80000, 0x00000000ddc00000, 0x0000000100000000)
  eden space 81408K, 0% used [0x00000000d5f80000,0x00000000d5f80000,0x00000000daf00000)
  from space 12800K, 99% used [0x00000000daf00000,0x00000000dbb7ccc0,0x00000000dbb80000)
  to   space 14848K, 0% used [0x00000000dcd80000,0x00000000dcd80000,0x00000000ddc00000)
 ParOldGen       total 60416K, used 9205K [0x0000000081e00000, 0x0000000085900000, 0x00000000d5f80000)
  object space 60416K, 15% used [0x0000000081e00000,0x00000000826fd6c8,0x0000000085900000)
 Metaspace       used 33880K, capacity 35484K, committed 35496K, reserved 1079296K
  class space    used 4463K, capacity 4769K, committed 4776K, reserved 1048576K
Event: 4.690 GC heap after
Heap after GC invocations=11 (full 2):
 PSYoungGen      total 94208K, used 0K [0x00000000d5f80000, 0x00000000ddc00000, 0x0000000100000000)
  eden space 81408K, 0% used [0x00000000d5f80000,0x00000000d5f80000,0x00000000daf00000)
  from space 12800K, 0% used [0x00000000daf00000,0x00000000daf00000,0x00000000dbb80000)
  to   space 14848K, 0% used [0x00000000dcd80000,0x00000000dcd80000,0x00000000ddc00000)
 ParOldGen       total 102912K, used 17776K [0x0000000081e00000, 0x0000000088280000, 0x00000000d5f80000)
  object space 102912K, 17% used [0x0000000081e00000,0x0000000082f5c3c0,0x0000000088280000)
 Metaspace       used 33880K, capacity 35484K, committed 35496K, reserved 1079296K
  class space    used 4463K, capacity 4769K, committed 4776K, reserved 1048576K
}

Deoptimization events (10 events):
Event: 4.560 Thread 0x000000001b520800 Uncommon trap: reason=unstable_if action=reinterpret pc=0x0000000003637234 method=org.springframework.util.ObjectUtils.nullSafeEquals(Ljava/lang/Object;Ljava/lang/Object;)Z @ 8
Event: 4.560 Thread 0x000000001b520800 Uncommon trap: reason=unstable_if action=reinterpret pc=0x0000000003a39674 method=org.springframework.boot.context.properties.source.ConfigurationPropertyName.equals(Ljava/lang/Object;)Z @ 8
Event: 4.566 Thread 0x000000001ed70800 Uncommon trap: reason=unstable_if action=reinterpret pc=0x00000000033c2204 method=java.net.URL.<init>(Ljava/net/URL;Ljava/lang/String;Ljava/net/URLStreamHandler;)V @ 57
Event: 4.566 Thread 0x000000001ed70800 Uncommon trap: reason=unstable_if action=reinterpret pc=0x0000000003bd146c method=java.net.URLStreamHandler.parseURL(Ljava/net/URL;Ljava/lang/String;II)V @ 57
Event: 4.567 Thread 0x000000001b520800 Uncommon trap: reason=unstable_if action=reinterpret pc=0x00000000031c0548 method=java.lang.AbstractStringBuilder.append(Ljava/lang/String;)Ljava/lang/AbstractStringBuilder; @ 1
Event: 4.608 Thread 0x000000001b520800 Uncommon trap: reason=unstable_if action=reinterpret pc=0x000000000396c64c method=org.springframework.asm.Frame.push(I)V @ 26
Event: 4.715 Thread 0x000000001b520800 Uncommon trap: reason=bimorphic action=maybe_recompile pc=0x00000000037b5f84 method=java.util.regex.Matcher.match(II)Z @ 86
Event: 4.722 Thread 0x000000001b520800 Uncommon trap: reason=bimorphic action=maybe_recompile pc=0x00000000037b5f84 method=java.util.regex.Matcher.match(II)Z @ 86
Event: 4.724 Thread 0x000000001b520800 Uncommon trap: reason=unstable_if action=reinterpret pc=0x00000000031f24fc method=java.net.URI.match(CJJ)Z @ 45
Event: 4.727 Thread 0x000000001b520800 Uncommon trap: reason=unstable_if action=reinterpret pc=0x0000000003b69150 method=java.util.Properties$LineReader.readLine()I @ 328

Classes redefined (0 events):
No events

Internal exceptions (10 events):
Event: 4.568 Thread 0x000000001b520800 Implicit null exception at 0x00000000039de84d to 0x00000000039dedbc
Event: 4.568 Thread 0x000000001b520800 Exception <a 'java/lang/NullPointerException'> (0x00000000da0a6a10) thrown at [C:\re\workspace\8-2-build-windows-amd64-cygwin\jdk8u181\11358\hotspot\src\share\vm\runtime\sharedRuntime.cpp, line 605]
Event: 4.568 Thread 0x000000001b520800 Implicit null exception at 0x00000000039de84d to 0x00000000039dedbc
Event: 4.568 Thread 0x000000001b520800 Exception <a 'java/lang/NullPointerException'> (0x00000000da0a77d8) thrown at [C:\re\workspace\8-2-build-windows-amd64-cygwin\jdk8u181\11358\hotspot\src\share\vm\runtime\sharedRuntime.cpp, line 605]
Event: 4.568 Thread 0x000000001b520800 Implicit null exception at 0x00000000039de84d to 0x00000000039dedbc
Event: 4.568 Thread 0x000000001b520800 Exception <a 'java/lang/NullPointerException'> (0x00000000da0a8588) thrown at [C:\re\workspace\8-2-build-windows-amd64-cygwin\jdk8u181\11358\hotspot\src\share\vm\runtime\sharedRuntime.cpp, line 605]
Event: 4.568 Thread 0x000000001b520800 Implicit null exception at 0x00000000039de84d to 0x00000000039dedbc
Event: 4.568 Thread 0x000000001b520800 Exception <a 'java/lang/NullPointerException'> (0x00000000da0aa1b8) thrown at [C:\re\workspace\8-2-build-windows-amd64-cygwin\jdk8u181\11358\hotspot\src\share\vm\runtime\sharedRuntime.cpp, line 605]
Event: 4.568 Thread 0x000000001b520800 Implicit null exception at 0x00000000039de84d to 0x00000000039dedbc
Event: 4.568 Thread 0x000000001b520800 Exception <a 'java/lang/NullPointerException'> (0x00000000da0aaf20) thrown at [C:\re\workspace\8-2-build-windows-amd64-cygwin\jdk8u181\11358\hotspot\src\share\vm\runtime\sharedRuntime.cpp, line 605]

Events (10 events):
Event: 4.725 loading class com/mysql/cj/Constants done
Event: 4.726 loading class com/mysql/cj/Messages
Event: 4.726 loading class com/mysql/cj/Messages done
Event: 4.726 loading class com/mysql/cj/LocalizedErrorMessages
Event: 4.726 loading class com/mysql/cj/LocalizedErrorMessages done
Event: 4.727 Thread 0x000000001b520800 DEOPT PACKING pc=0x0000000003ac29fd sp=0x000000001c719310
Event: 4.727 Thread 0x000000001b520800 DEOPT UNPACKING pc=0x0000000002fc7890 sp=0x000000001c719028 mode 0
Event: 4.727 Thread 0x000000001b520800 Uncommon trap: trap_request=0xffffff65 fr.pc=0x0000000003b69150
Event: 4.727 Thread 0x000000001b520800 DEOPT PACKING pc=0x0000000003b69150 sp=0x000000001c719220
Event: 4.727 Thread 0x000000001b520800 DEOPT UNPACKING pc=0x0000000002fc583b sp=0x000000001c7191c0 mode 2


Dynamic libraries:
0x00007ff77c4c0000 - 0x00007ff77c4f7000 	C:\Program Files\Java\jre1.8.0_181\bin\javaw.exe
0x00007ff9a9330000 - 0x00007ff9a9511000 	C:\WINDOWS\SYSTEM32\ntdll.dll
0x00007ff9a8dd0000 - 0x00007ff9a8e81000 	C:\WINDOWS\System32\KERNEL32.DLL
0x00007ff9a58d0000 - 0x00007ff9a5b43000 	C:\WINDOWS\System32\KERNELBASE.dll
0x00007ff9a6920000 - 0x00007ff9a69c1000 	C:\WINDOWS\System32\ADVAPI32.dll
0x00007ff9a8260000 - 0x00007ff9a82fe000 	C:\WINDOWS\System32\msvcrt.dll
0x00007ff9a67c0000 - 0x00007ff9a681b000 	C:\WINDOWS\System32\sechost.dll
0x00007ff9a6b60000 - 0x00007ff9a6c84000 	C:\WINDOWS\System32\RPCRT4.dll
0x00007ff9a69d0000 - 0x00007ff9a6b60000 	C:\WINDOWS\System32\USER32.dll
0x00007ff9a6740000 - 0x00007ff9a6760000 	C:\WINDOWS\System32\win32u.dll
0x00007ff9a92d0000 - 0x00007ff9a92f8000 	C:\WINDOWS\System32\GDI32.dll
0x00007ff9a64a0000 - 0x00007ff9a6631000 	C:\WINDOWS\System32\gdi32full.dll
0x00007ff9a5830000 - 0x00007ff9a58cf000 	C:\WINDOWS\System32\msvcp_win.dll
0x00007ff9a6640000 - 0x00007ff9a6738000 	C:\WINDOWS\System32\ucrtbase.dll
0x00007ff99a070000 - 0x00007ff99a2d9000 	C:\WINDOWS\WinSxS\amd64_microsoft.windows.common-controls_6595b64144ccf1df_6.0.17134.950_none_fb3da4273069d3e0\COMCTL32.dll
0x00007ff9a8fa0000 - 0x00007ff9a92c2000 	C:\WINDOWS\System32\combase.dll
0x00007ff9a57b0000 - 0x00007ff9a5829000 	C:\WINDOWS\System32\bcryptPrimitives.dll
0x00007ff9a68f0000 - 0x00007ff9a691d000 	C:\WINDOWS\System32\IMM32.DLL
0x0000000071230000 - 0x0000000071302000 	C:\Program Files\Java\jre1.8.0_181\bin\msvcr100.dll
0x00000000714c0000 - 0x0000000071d62000 	C:\Program Files\Java\jre1.8.0_181\bin\server\jvm.dll
0x00007ff9a8f90000 - 0x00007ff9a8f98000 	C:\WINDOWS\System32\PSAPI.DLL
0x00007ff996380000 - 0x00007ff996389000 	C:\WINDOWS\SYSTEM32\WSOCK32.dll
0x00007ff9a26a0000 - 0x00007ff9a26c3000 	C:\WINDOWS\SYSTEM32\WINMM.dll
0x00007ff99e280000 - 0x00007ff99e28a000 	C:\WINDOWS\SYSTEM32\VERSION.dll
0x00007ff9a80f0000 - 0x00007ff9a815c000 	C:\WINDOWS\System32\WS2_32.dll
0x00007ff9a2240000 - 0x00007ff9a226a000 	C:\WINDOWS\SYSTEM32\winmmbase.dll
0x00007ff9a5b50000 - 0x00007ff9a5b99000 	C:\WINDOWS\System32\cfgmgr32.dll
0x00000000713d0000 - 0x00000000713df000 	C:\Program Files\Java\jre1.8.0_181\bin\verify.dll
0x00000000713a0000 - 0x00000000713c9000 	C:\Program Files\Java\jre1.8.0_181\bin\java.dll
0x0000000071380000 - 0x0000000071396000 	C:\Program Files\Java\jre1.8.0_181\bin\zip.dll
0x00007ff9a6c90000 - 0x00007ff9a80d0000 	C:\WINDOWS\System32\SHELL32.dll
0x00007ff9a8980000 - 0x00007ff9a8a29000 	C:\WINDOWS\System32\shcore.dll
0x00007ff9a5d90000 - 0x00007ff9a649d000 	C:\WINDOWS\System32\windows.storage.dll
0x00007ff9a8bb0000 - 0x00007ff9a8c01000 	C:\WINDOWS\System32\shlwapi.dll
0x00007ff9a56c0000 - 0x00007ff9a56d1000 	C:\WINDOWS\System32\kernel.appcore.dll
0x00007ff9a56a0000 - 0x00007ff9a56bf000 	C:\WINDOWS\System32\profapi.dll
0x00007ff9a5640000 - 0x00007ff9a568c000 	C:\WINDOWS\System32\powrprof.dll
0x00007ff9a5690000 - 0x00007ff9a569a000 	C:\WINDOWS\System32\FLTLIB.DLL
0x0000000071220000 - 0x000000007122d000 	C:\Program Files\Java\jre1.8.0_181\bin\management.dll
0x0000000071360000 - 0x000000007137a000 	C:\Program Files\Java\jre1.8.0_181\bin\net.dll
0x00007ff9a4ec0000 - 0x00007ff9a4f26000 	C:\WINDOWS\system32\mswsock.dll
0x00007ff995b70000 - 0x00007ff995b86000 	C:\WINDOWS\system32\napinsp.dll
0x00007ff995b50000 - 0x00007ff995b6a000 	C:\WINDOWS\system32\pnrpnsp.dll
0x00007ff9a1b30000 - 0x00007ff9a1b49000 	C:\WINDOWS\system32\NLAapi.dll
0x00007ff9a4c50000 - 0x00007ff9a4d0e000 	C:\WINDOWS\SYSTEM32\DNSAPI.dll
0x00007ff9a8e90000 - 0x00007ff9a8e98000 	C:\WINDOWS\System32\NSI.dll
0x00007ff9a4c10000 - 0x00007ff9a4c48000 	C:\WINDOWS\SYSTEM32\IPHLPAPI.DLL
0x00007ff995b40000 - 0x00007ff995b4e000 	C:\WINDOWS\System32\winrnr.dll
0x00007ff99bf10000 - 0x00007ff99bf25000 	C:\WINDOWS\System32\wshbth.dll
0x00007ff9990c0000 - 0x00007ff9990ca000 	C:\Windows\System32\rasadhlp.dll
0x00007ff999210000 - 0x00007ff999282000 	C:\WINDOWS\System32\fwpuclnt.dll
0x00007ff9a51a0000 - 0x00007ff9a51c5000 	C:\WINDOWS\SYSTEM32\bcrypt.dll
0x0000000071340000 - 0x0000000071351000 	C:\Program Files\Java\jre1.8.0_181\bin\nio.dll
0x00007ff9a5070000 - 0x00007ff9a5087000 	C:\WINDOWS\SYSTEM32\CRYPTSP.dll
0x00007ff9a4a70000 - 0x00007ff9a4aa3000 	C:\WINDOWS\system32\rsaenh.dll
0x00007ff9a5540000 - 0x00007ff9a5568000 	C:\WINDOWS\SYSTEM32\USERENV.dll
0x00007ff9a5090000 - 0x00007ff9a509b000 	C:\WINDOWS\SYSTEM32\CRYPTBASE.dll
0x00007ff99aac0000 - 0x00007ff99aad6000 	C:\WINDOWS\SYSTEM32\dhcpcsvc6.DLL
0x00007ff99aaa0000 - 0x00007ff99aaba000 	C:\WINDOWS\SYSTEM32\dhcpcsvc.DLL

VM Arguments:
jvm_args: -Dfile.encoding=UTF-8 
java_command: br.com.devdojo.SpringbootEssentialsApplication
java_class_path (initial): C:\Rodrigo\Profissional\Cursos_Alura\SPRING-BOOT\demo\target\classes;C:\Users\rodri\.m2\repository\org\springframework\boot\spring-boot-starter-web\2.1.4.RELEASE\spring-boot-starter-web-2.1.4.RELEASE.jar;C:\Users\rodri\.m2\repository\org\springframework\boot\spring-boot-starter\2.1.4.RELEASE\spring-boot-starter-2.1.4.RELEASE.jar;C:\Users\rodri\.m2\repository\org\springframework\boot\spring-boot-starter-logging\2.1.4.RELEASE\spring-boot-starter-logging-2.1.4.RELEASE.jar;C:\Users\rodri\.m2\repository\ch\qos\logback\logback-classic\1.2.3\logback-classic-1.2.3.jar;C:\Users\rodri\.m2\repository\ch\qos\logback\logback-core\1.2.3\logback-core-1.2.3.jar;C:\Users\rodri\.m2\repository\org\apache\logging\log4j\log4j-to-slf4j\2.11.2\log4j-to-slf4j-2.11.2.jar;C:\Users\rodri\.m2\repository\org\apache\logging\log4j\log4j-api\2.11.2\log4j-api-2.11.2.jar;C:\Users\rodri\.m2\repository\org\slf4j\jul-to-slf4j\1.7.26\jul-to-slf4j-1.7.26.jar;C:\Users\rodri\.m2\repository\javax\annotation\javax.annotation-api\1.3.2\javax.annotation-api-1.3.2.jar;C:\Users\rodri\.m2\repository\org\yaml\snakeyaml\1.23\snakeyaml-1.23.jar;C:\Users\rodri\.m2\repository\org\springframework\boot\spring-boot-starter-json\2.1.4.RELEASE\spring-boot-starter-json-2.1.4.RELEASE.jar;C:\Users\rodri\.m2\repository\com\fasterxml\jackson\core\jackson-databind\2.9.8\jackson-databind-2.9.8.jar;C:\Users\rodri\.m2\repository\com\fasterxml\jackson\core\jackson-annotations\2.9.0\jackson-annotations-2.9.0.jar;C:\Users\rodri\.m2\repository\com\fasterxml\jackson\core\jackson-core\2.9.8\jackson-core-2.9.8.jar;C:\Users\rodri\.m2\repository\com\fasterxml\jackson\datatype\jackson-datatype-jdk8\2.9.8\jackson-datatype-jdk8-2.9.8.jar;C:\Users\rodri\.m2\repository\com\fasterxml\jackson\datatype\jackson-datatype-jsr310\2.9.8\jackson-datatype-jsr310-2.9.8.jar;C:\Users\rodri\.m2\repository\com\fasterxml\jackson\module\jackson-module-parameter-names\2.9.8\jackson-module-parameter-names-2.9.8.jar;C:\Users\rodri\.m2\r
Launcher Type: SUN_STANDARD

Environment Variables:
JAVA_HOME=C:\Program Files\Java\jdk1.8.0_181
PATH=C:/Program Files/Java/jre1.8.0_181/bin/server;C:/Program Files/Java/jre1.8.0_181/bin;C:/Program Files/Java/jre1.8.0_181/lib/amd64;C:\Program Files (x86)\Common Files\Oracle\Java\javapath;C:\Program Files (x86)\Intel\iCLS Client\;C:\Program Files\Intel\iCLS Client\;C:\Windows\system32;C:\Windows;C:\Windows\System32\Wbem;C:\Windows\System32\WindowsPowerShell\v1.0\;C:\Program Files (x86)\Intel\Intel(R) Management Engine Components\DAL;C:\Program Files\Intel\Intel(R) Management Engine Components\DAL;C:\Program Files (x86)\Intel\Intel(R) Management Engine Components\IPT;C:\Program Files\Intel\Intel(R) Management Engine Components\IPT;C:\Program Files (x86)\NVIDIA Corporation\PhysX\Common;C:\Program Files\Java\jdk1.8.0_181\bin;C:\Users\rodri\AppData\Local\Android\Sdk\tools;C:\Users\rodri\AppData\Local\Android\Sdk\tools\bin;C:\Users\rodri\AppData\Local\Android\Sdk\platform-tools;C:\Program Files\nodejs\;C:\WINDOWS\system32;C:\WINDOWS;C:\WINDOWS\System32\Wbem;C:\WINDOWS\System32\WindowsPowerShell\v1.0\;C:\WINDOWS\System32\OpenSSH\;C:\Program Files\JBossForge\forge\bin;C:\Program Files\dotnet\;C:\Program Files\Microsoft SQL Server\130\Tools\Binn\;C:\Program Files\Microsoft SQL Server\Client SDK\ODBC\170\Tools\Binn\;C:\apache-maven-3.6.1\bin;C:\apache-maven-3.6.1\bin;;C:\Program Files\NVIDIA Corporation\NVIDIA NvDLISR;C:\Users\rodri\AppData\Local\Programs\Python\Python37-32\Scripts\;C:\Users\rodri\AppData\Local\Programs\Python\Python37-32\;C:\Users\rodri\AppData\Local\Microsoft\WindowsApps;C:\Users\rodri\AppData\Local\Programs\Microsoft VS Code\bin;C:\Program Files\Java\jdk1.8.0_181\bin;C:\Users\rodri\AppData\Local\Android\Sdk\tools\bin;C:\Users\rodri\AppData\Local\Android\Sdk\platform-tools;C:\Users\rodri\AppData\Local\Android\Sdk\tools;C:\Users\rodri\AppData\Roaming\npm;C:\Program Files\JBossForge\forge\bin;C:\Users\rodri\.dotnet\tools;C:\apache-maven-3.6.1\bin;C:\Program Files\MySQL\MySQL Workbench 8.0 CE;;C:\Program Files\EclipseEE\eclipse_2018-12;
USERNAME=rodri
OS=Windows_NT
PROCESSOR_IDENTIFIER=Intel64 Family 6 Model 142 Stepping 10, GenuineIntel



---------------  S Y S T E M  ---------------

OS: Windows 10.0 , 64 bit Build 17134 (10.0.17134.753)

CPU:total 8 (initial active 8) (4 cores per cpu, 2 threads per core) family 6 model 142 stepping 10, cmov, cx8, fxsr, mmx, sse, sse2, sse3, ssse3, sse4.1, sse4.2, popcnt, avx, avx2, aes, clmul, erms, 3dnowpref, lzcnt, ht, tsc, tscinvbit, bmi1, bmi2, adx

Memory: 4k page, physical 8260324k(1864828k free), swap 10210020k(5180k free)

vm_info: Java HotSpot(TM) 64-Bit Server VM (25.181-b13) for windows-amd64 JRE (1.8.0_181-b13), built on Jul  7 2018 04:01:33 by "java_re" with MS VC++ 10.0 (VS2010)

time: Wed Aug 28 00:21:27 2019
elapsed time: 4 seconds (0d 0h 0m 4s)

