#
# There is insufficient memory for the Java Runtime Environment to continue.
# Native memory allocation (malloc) failed to allocate 460576 bytes for Chunk::new
# Possible reasons:
#   The system is out of physical RAM or swap space
#   In 32 bit mode, the process size limit was hit
# Possible solutions:
#   Reduce memory load on the system
#   Increase physical memory or swap space
#   Check if swap backing store is full
#   Use 64 bit Java on a 64 bit OS
#   Decrease Java heap size (-Xmx/-Xms)
#   Decrease number of Java threads
#   Decrease Java thread stack sizes (-Xss)
#   Set larger code cache with -XX:ReservedCodeCacheSize=
# This output file may be truncated or incomplete.
#
#  Out of Memory Error (allocation.cpp:390), pid=15064, tid=0x00000000000009f0
#
# JRE version: Java(TM) SE Runtime Environment (8.0_181-b13) (build 1.8.0_181-b13)
# Java VM: Java HotSpot(TM) 64-Bit Server VM (25.181-b13 mixed mode windows-amd64 compressed oops)
# Failed to write core dump. Minidumps are not enabled by default on client versions of Windows
#

---------------  T H R E A D  ---------------

Current thread (0x000000001a231800):  JavaThread "C2 CompilerThread1" daemon [_thread_in_native, id=2544, stack(0x000000001ab10000,0x000000001ac10000)]

Stack: [0x000000001ab10000,0x000000001ac10000]
[error occurred during error reporting (printing stack bounds), id 0xc0000005]

Native frames: (J=compiled Java code, j=interpreted, Vv=VM code, C=native code)


Current CompileTask:
C2:   5824 4270   !   4       org.springframework.core.annotation.AnnotationUtils::getAnnotatedMethodsInBaseType (163 bytes)


---------------  P R O C E S S  ---------------

Java Threads: ( => current thread )
  0x000000002230a000 JavaThread "HikariPool-1 connection adder" daemon [_thread_blocked, id=12916, stack(0x0000000023070000,0x0000000023170000)]
  0x000000001a5d7000 JavaThread "HikariPool-1 housekeeper" daemon [_thread_blocked, id=9560, stack(0x0000000022f70000,0x0000000023070000)]
  0x000000001ee4c800 JavaThread "mysql-cj-abandoned-connection-cleanup" daemon [_thread_blocked, id=14420, stack(0x00000000216e0000,0x00000000217e0000)]
  0x00000000220e0000 JavaThread "container-0" [_thread_blocked, id=12708, stack(0x00000000215e0000,0x00000000216e0000)]
  0x00000000225e7800 JavaThread "Catalina-utility-2" [_thread_blocked, id=1236, stack(0x00000000214e0000,0x00000000215e0000)]
  0x000000001eb56000 JavaThread "Catalina-utility-1" [_thread_blocked, id=11984, stack(0x00000000213e0000,0x00000000214e0000)]
  0x000000001b720800 JavaThread "restartedMain" [_thread_in_vm, id=15184, stack(0x000000001ca30000,0x000000001cb30000)]
  0x000000001b720000 JavaThread "Thread-0" [_thread_blocked, id=8108, stack(0x000000001c930000,0x000000001ca30000)]
  0x000000001a2c7000 JavaThread "Service Thread" daemon [_thread_blocked, id=14348, stack(0x000000001ae10000,0x000000001af10000)]
  0x000000001a240000 JavaThread "C1 CompilerThread3" daemon [_thread_blocked, id=12280, stack(0x000000001ad10000,0x000000001ae10000)]
  0x000000001a238800 JavaThread "C2 CompilerThread2" daemon [_thread_in_native, id=1200, stack(0x000000001ac10000,0x000000001ad10000)]
=>0x000000001a231800 JavaThread "C2 CompilerThread1" daemon [_thread_in_native, id=2544, stack(0x000000001ab10000,0x000000001ac10000)]
  0x000000001a230000 JavaThread "C2 CompilerThread0" daemon [_thread_in_native, id=9668, stack(0x000000001aa10000,0x000000001ab10000)]
  0x000000001a22d000 JavaThread "Attach Listener" daemon [_thread_blocked, id=13020, stack(0x000000001a910000,0x000000001aa10000)]
  0x000000001a22c000 JavaThread "Signal Dispatcher" daemon [_thread_blocked, id=9488, stack(0x000000001a810000,0x000000001a910000)]
  0x00000000033ae000 JavaThread "Finalizer" daemon [_thread_blocked, id=9960, stack(0x000000001a600000,0x000000001a700000)]
  0x00000000033ad000 JavaThread "Reference Handler" daemon [_thread_blocked, id=13368, stack(0x000000001a100000,0x000000001a200000)]
  0x00000000032b5000 JavaThread "main" [_thread_blocked, id=9740, stack(0x00000000031b0000,0x00000000032b0000)]

Other Threads:
  0x0000000018319000 VMThread [stack: 0x000000001a000000,0x000000001a100000] [id=14684]
  0x000000001a2e9800 WatcherThread [stack: 0x000000001b060000,0x000000001b160000] [id=11224]

VM state:not at safepoint (normal execution)

VM Mutex/Monitor currently owned by a thread: None

Heap:
 PSYoungGen      total 137216K, used 82907K [0x00000000d5f80000, 0x00000000e2000000, 0x0000000100000000)
  eden space 128000K, 57% used [0x00000000d5f80000,0x00000000da77c378,0x00000000ddc80000)
  from space 9216K, 99% used [0x00000000ddc80000,0x00000000de57abf0,0x00000000de580000)
  to   space 17920K, 0% used [0x00000000e0e80000,0x00000000e0e80000,0x00000000e2000000)
 ParOldGen       total 55296K, used 23996K [0x0000000081e00000, 0x0000000085400000, 0x00000000d5f80000)
  object space 55296K, 43% used [0x0000000081e00000,0x000000008356f088,0x0000000085400000)
 Metaspace       used 54189K, capacity 56700K, committed 57000K, reserved 1097728K
  class space    used 7532K, capacity 7998K, committed 8104K, reserved 1048576K

Card table byte_map: [0x0000000012770000,0x0000000012b70000] byte_map_base: 0x0000000012361000

Marking Bits: (ParMarkBitMap*) 0x0000000071932d00
 Begin Bits: [0x0000000013620000, 0x00000000155a8000)
 End Bits:   [0x00000000155a8000, 0x0000000017530000)

Polling page: 0x00000000018a0000

CodeCache: size=245760Kb used=15892Kb max_used=15892Kb free=229867Kb
 bounds [0x00000000033b0000, 0x0000000004350000, 0x00000000123b0000]
 total_blobs=4791 nmethods=4273 adapters=429
 compilation: enabled

Compilation events (10 events):
Event: 5.816 Thread 0x000000001a240000 4327   !   3       org.springframework.util.ClassUtils::isVisible (26 bytes)
Event: 5.817 Thread 0x000000001a240000 nmethod 4327 0x000000000433a310 code [0x000000000433a540, 0x000000000433b378]
Event: 5.817 Thread 0x000000001a240000 4328       2       org.springframework.core.annotation.AnnotationUtils::postProcessAnnotationAttributes (163 bytes)
Event: 5.818 Thread 0x000000001a240000 nmethod 4328 0x000000000433bb10 code [0x000000000433bd40, 0x000000000433c4d8]
Event: 5.818 Thread 0x000000001a240000 4330       2       java.lang.Class::annotationData (44 bytes)
Event: 5.818 Thread 0x000000001a240000 nmethod 4330 0x000000000433cc10 code [0x000000000433cd80, 0x000000000433cfc8]
Event: 5.818 Thread 0x000000001a240000 4331       3       org.springframework.util.ReflectionUtils::findField (7 bytes)
Event: 5.819 Thread 0x000000001a240000 nmethod 4331 0x000000000433d0d0 code [0x000000000433d240, 0x000000000433d3a8]
Event: 5.819 Thread 0x000000001a240000 4332       3       org.springframework.cglib.core.AbstractClassGenerator::getClassLoader (53 bytes)
Event: 5.820 Thread 0x000000001a240000 nmethod 4332 0x000000000433d450 code [0x000000000433d700, 0x000000000433ed18]

GC Heap History (10 events):
Event: 1.132 GC heap before
{Heap before GC invocations=7 (full 1):
 PSYoungGen      total 71680K, used 66560K [0x00000000d5f80000, 0x00000000df380000, 0x0000000100000000)
  eden space 66560K, 100% used [0x00000000d5f80000,0x00000000da080000,0x00000000da080000)
  from space 5120K, 0% used [0x00000000da080000,0x00000000da080000,0x00000000da580000)
  to   space 9216K, 0% used [0x00000000dea80000,0x00000000dea80000,0x00000000df380000)
 ParOldGen       total 55296K, used 6295K [0x0000000081e00000, 0x0000000085400000, 0x00000000d5f80000)
  object space 55296K, 11% used [0x0000000081e00000,0x0000000082425e30,0x0000000085400000)
 Metaspace       used 23388K, capacity 24096K, committed 24320K, reserved 1071104K
  class space    used 3035K, capacity 3220K, committed 3328K, reserved 1048576K
Event: 1.135 GC heap after
Heap after GC invocations=7 (full 1):
 PSYoungGen      total 110080K, used 3613K [0x00000000d5f80000, 0x00000000dee80000, 0x0000000100000000)
  eden space 105984K, 0% used [0x00000000d5f80000,0x00000000d5f80000,0x00000000dc700000)
  from space 4096K, 88% used [0x00000000dea80000,0x00000000dee07588,0x00000000dee80000)
  to   space 9216K, 0% used [0x00000000ddc80000,0x00000000ddc80000,0x00000000de580000)
 ParOldGen       total 55296K, used 6367K [0x0000000081e00000, 0x0000000085400000, 0x00000000d5f80000)
  object space 55296K, 11% used [0x0000000081e00000,0x0000000082437e40,0x0000000085400000)
 Metaspace       used 23388K, capacity 24096K, committed 24320K, reserved 1071104K
  class space    used 3035K, capacity 3220K, committed 3328K, reserved 1048576K
}
Event: 2.688 GC heap before
{Heap before GC invocations=8 (full 1):
 PSYoungGen      total 110080K, used 109597K [0x00000000d5f80000, 0x00000000dee80000, 0x0000000100000000)
  eden space 105984K, 100% used [0x00000000d5f80000,0x00000000dc700000,0x00000000dc700000)
  from space 4096K, 88% used [0x00000000dea80000,0x00000000dee07588,0x00000000dee80000)
  to   space 9216K, 0% used [0x00000000ddc80000,0x00000000ddc80000,0x00000000de580000)
 ParOldGen       total 55296K, used 6367K [0x0000000081e00000, 0x0000000085400000, 0x00000000d5f80000)
  object space 55296K, 11% used [0x0000000081e00000,0x0000000082437e40,0x0000000085400000)
 Metaspace       used 31745K, capacity 33330K, committed 33536K, reserved 1079296K
  class space    used 4196K, capacity 4514K, committed 4608K, reserved 1048576K
Event: 2.706 GC heap after
Heap after GC invocations=8 (full 1):
 PSYoungGen      total 137216K, used 9211K [0x00000000d5f80000, 0x00000000e1c00000, 0x0000000100000000)
  eden space 128000K, 0% used [0x00000000d5f80000,0x00000000d5f80000,0x00000000ddc80000)
  from space 9216K, 99% used [0x00000000ddc80000,0x00000000de57ef60,0x00000000de580000)
  to   space 14336K, 0% used [0x00000000e0e00000,0x00000000e0e00000,0x00000000e1c00000)
 ParOldGen       total 55296K, used 13638K [0x0000000081e00000, 0x0000000085400000, 0x00000000d5f80000)
  object space 55296K, 24% used [0x0000000081e00000,0x0000000082b51820,0x0000000085400000)
 Metaspace       used 31745K, capacity 33330K, committed 33536K, reserved 1079296K
  class space    used 4196K, capacity 4514K, committed 4608K, reserved 1048576K
}
Event: 3.159 GC heap before
{Heap before GC invocations=9 (full 1):
 PSYoungGen      total 137216K, used 100314K [0x00000000d5f80000, 0x00000000e1c00000, 0x0000000100000000)
  eden space 128000K, 71% used [0x00000000d5f80000,0x00000000db877900,0x00000000ddc80000)
  from space 9216K, 99% used [0x00000000ddc80000,0x00000000de57ef60,0x00000000de580000)
  to   space 14336K, 0% used [0x00000000e0e00000,0x00000000e0e00000,0x00000000e1c00000)
 ParOldGen       total 55296K, used 13638K [0x0000000081e00000, 0x0000000085400000, 0x00000000d5f80000)
  object space 55296K, 24% used [0x0000000081e00000,0x0000000082b51820,0x0000000085400000)
 Metaspace       used 33866K, capacity 35484K, committed 35496K, reserved 1079296K
  class space    used 4458K, capacity 4769K, committed 4776K, reserved 1048576K
Event: 3.174 GC heap after
Heap after GC invocations=9 (full 1):
 PSYoungGen      total 142336K, used 12033K [0x00000000d5f80000, 0x00000000e1c00000, 0x0000000100000000)
  eden space 128000K, 0% used [0x00000000d5f80000,0x00000000d5f80000,0x00000000ddc80000)
  from space 14336K, 83% used [0x00000000e0e00000,0x00000000e19c0700,0x00000000e1c00000)
  to   space 9216K, 0% used [0x00000000ddc80000,0x00000000ddc80000,0x00000000de580000)
 ParOldGen       total 55296K, used 13646K [0x0000000081e00000, 0x0000000085400000, 0x00000000d5f80000)
  object space 55296K, 24% used [0x0000000081e00000,0x0000000082b53820,0x0000000085400000)
 Metaspace       used 33866K, capacity 35484K, committed 35496K, reserved 1079296K
  class space    used 4458K, capacity 4769K, committed 4776K, reserved 1048576K
}
Event: 3.174 GC heap before
{Heap before GC invocations=10 (full 2):
 PSYoungGen      total 142336K, used 12033K [0x00000000d5f80000, 0x00000000e1c00000, 0x0000000100000000)
  eden space 128000K, 0% used [0x00000000d5f80000,0x00000000d5f80000,0x00000000ddc80000)
  from space 14336K, 83% used [0x00000000e0e00000,0x00000000e19c0700,0x00000000e1c00000)
  to   space 9216K, 0% used [0x00000000ddc80000,0x00000000ddc80000,0x00000000de580000)
 ParOldGen       total 55296K, used 13646K [0x0000000081e00000, 0x0000000085400000, 0x00000000d5f80000)
  object space 55296K, 24% used [0x0000000081e00000,0x0000000082b53820,0x0000000085400000)
 Metaspace       used 33866K, capacity 35484K, committed 35496K, reserved 1079296K
  class space    used 4458K, capacity 4769K, committed 4776K, reserved 1048576K
Event: 3.264 GC heap after
Heap after GC invocations=10 (full 2):
 PSYoungGen      total 142336K, used 0K [0x00000000d5f80000, 0x00000000e1c00000, 0x0000000100000000)
  eden space 128000K, 0% used [0x00000000d5f80000,0x00000000d5f80000,0x00000000ddc80000)
  from space 14336K, 0% used [0x00000000e0e00000,0x00000000e0e00000,0x00000000e1c00000)
  to   space 9216K, 0% used [0x00000000ddc80000,0x00000000ddc80000,0x00000000de580000)
 ParOldGen       total 55296K, used 17739K [0x0000000081e00000, 0x0000000085400000, 0x00000000d5f80000)
  object space 55296K, 32% used [0x0000000081e00000,0x0000000082f52f30,0x0000000085400000)
 Metaspace       used 33866K, capacity 35484K, committed 35496K, reserved 1079296K
  class space    used 4458K, capacity 4769K, committed 4776K, reserved 1048576K
}
Event: 5.181 GC heap before
{Heap before GC invocations=11 (full 2):
 PSYoungGen      total 142336K, used 128000K [0x00000000d5f80000, 0x00000000e1c00000, 0x0000000100000000)
  eden space 128000K, 100% used [0x00000000d5f80000,0x00000000ddc80000,0x00000000ddc80000)
  from space 14336K, 0% used [0x00000000e0e00000,0x00000000e0e00000,0x00000000e1c00000)
  to   space 9216K, 0% used [0x00000000ddc80000,0x00000000ddc80000,0x00000000de580000)
 ParOldGen       total 55296K, used 17739K [0x0000000081e00000, 0x0000000085400000, 0x00000000d5f80000)
  object space 55296K, 32% used [0x0000000081e00000,0x0000000082f52f30,0x0000000085400000)
 Metaspace       used 48317K, capacity 50158K, committed 50344K, reserved 1093632K
  class space    used 6701K, capacity 7051K, committed 7080K, reserved 1048576K
Event: 5.200 GC heap after
Heap after GC invocations=11 (full 2):
 PSYoungGen      total 137216K, used 9194K [0x00000000d5f80000, 0x00000000e2000000, 0x0000000100000000)
  eden space 128000K, 0% used [0x00000000d5f80000,0x00000000d5f80000,0x00000000ddc80000)
  from space 9216K, 99% used [0x00000000ddc80000,0x00000000de57abf0,0x00000000de580000)
  to   space 17920K, 0% used [0x00000000e0e80000,0x00000000e0e80000,0x00000000e2000000)
 ParOldGen       total 55296K, used 23996K [0x0000000081e00000, 0x0000000085400000, 0x00000000d5f80000)
  object space 55296K, 43% used [0x0000000081e00000,0x000000008356f088,0x0000000085400000)
 Metaspace       used 48317K, capacity 50158K, committed 50344K, reserved 1093632K
  class space    used 6701K, capacity 7051K, committed 7080K, reserved 1048576K
}

Deoptimization events (10 events):
Event: 5.743 Thread 0x000000001b720800 Uncommon trap: reason=class_check action=maybe_recompile pc=0x00000000041f6850 method=sun.reflect.generics.reflectiveObjects.TypeVariableImpl.hashCode()I @ 4
Event: 5.743 Thread 0x000000001b720800 Uncommon trap: reason=class_check action=maybe_recompile pc=0x00000000041f6850 method=sun.reflect.generics.reflectiveObjects.TypeVariableImpl.hashCode()I @ 4
Event: 5.743 Thread 0x000000001b720800 Uncommon trap: reason=class_check action=maybe_recompile pc=0x00000000041f6850 method=sun.reflect.generics.reflectiveObjects.TypeVariableImpl.hashCode()I @ 4
Event: 5.743 Thread 0x000000001b720800 Uncommon trap: reason=class_check action=maybe_recompile pc=0x00000000041f6850 method=sun.reflect.generics.reflectiveObjects.TypeVariableImpl.hashCode()I @ 4
Event: 5.745 Thread 0x000000001b720800 Uncommon trap: reason=unstable_if action=reinterpret pc=0x00000000040367e0 method=java.util.concurrent.ConcurrentHashMap.putVal(Ljava/lang/Object;Ljava/lang/Object;Z)Ljava/lang/Object; @ 331
Event: 5.746 Thread 0x000000001b720800 Uncommon trap: reason=unstable_if action=reinterpret pc=0x00000000041453ac method=java.util.concurrent.ConcurrentHashMap.get(Ljava/lang/Object;)Ljava/lang/Object; @ 86
Event: 5.759 Thread 0x000000001b720800 Uncommon trap: reason=class_check action=maybe_recompile pc=0x000000000430cba8 method=org.springframework.core.annotation.AnnotationUtils.getAnnotatedMethodsInBaseType(Ljava/lang/Class;)Ljava/util/Set; @ 29
Event: 5.770 Thread 0x000000001b720800 Uncommon trap: reason=class_check action=maybe_recompile pc=0x000000000430cba8 method=org.springframework.core.annotation.AnnotationUtils.getAnnotatedMethodsInBaseType(Ljava/lang/Class;)Ljava/util/Set; @ 29
Event: 5.795 Thread 0x000000001b720800 Uncommon trap: reason=class_check action=maybe_recompile pc=0x000000000430cba8 method=org.springframework.core.annotation.AnnotationUtils.getAnnotatedMethodsInBaseType(Ljava/lang/Class;)Ljava/util/Set; @ 29
Event: 5.795 Thread 0x000000001b720800 Uncommon trap: reason=class_check action=maybe_recompile pc=0x000000000430cba8 method=org.springframework.core.annotation.AnnotationUtils.getAnnotatedMethodsInBaseType(Ljava/lang/Class;)Ljava/util/Set; @ 29

Classes redefined (0 events):
No events

Internal exceptions (10 events):
Event: 5.660 Thread 0x000000001b720800 Exception <a 'java/lang/ClassNotFoundException': org/springframework/boot/autoconfigure/web/servlet/WebMvcAutoConfiguration$EnableWebMvcConfigurationCustomizer> (0x00000000d92266b0) thrown at [C:\re\workspace\8-2-build-windows-amd64-cygwin\jdk8u181\11358\
Event: 5.660 Thread 0x000000001b720800 Exception <a 'java/lang/ClassNotFoundException': org/springframework/boot/autoconfigure/web/servlet/WebMvcAutoConfiguration$EnableWebMvcConfiguration$$EnhancerBySpringCGLIB$$6acf2adeCustomizer> (0x00000000d9253110) thrown at [C:\re\workspace\8-2-build-win
Event: 5.661 Thread 0x000000001b720800 Exception <a 'java/lang/ClassNotFoundException': org/springframework/context/annotation/ConfigurationClassEnhancer$EnhancedConfigurationCustomizer> (0x00000000d928dd88) thrown at [C:\re\workspace\8-2-build-windows-amd64-cygwin\jdk8u181\11358\hotspot\src\s
Event: 5.661 Thread 0x000000001b720800 Exception <a 'java/lang/ClassNotFoundException': org/springframework/beans/factory/BeanFactoryAwareCustomizer> (0x00000000d92a0ec0) thrown at [C:\re\workspace\8-2-build-windows-amd64-cygwin\jdk8u181\11358\hotspot\src\share\vm\classfile\systemDictionary.cp
Event: 5.661 Thread 0x000000001b720800 Exception <a 'java/lang/ClassNotFoundException': org/springframework/beans/factory/AwareCustomizer> (0x00000000d92b2de8) thrown at [C:\re\workspace\8-2-build-windows-amd64-cygwin\jdk8u181\11358\hotspot\src\share\vm\classfile\systemDictionary.cpp, line 210
Event: 5.662 Thread 0x000000001b720800 Exception <a 'java/lang/ClassNotFoundException': org/springframework/context/ApplicationContextAwareCustomizer> (0x00000000d92c6198) thrown at [C:\re\workspace\8-2-build-windows-amd64-cygwin\jdk8u181\11358\hotspot\src\share\vm\classfile\systemDictionary.c
Event: 5.662 Thread 0x000000001b720800 Exception <a 'java/lang/ClassNotFoundException': org/springframework/beans/factory/AwareCustomizer> (0x00000000d92d81c0) thrown at [C:\re\workspace\8-2-build-windows-amd64-cygwin\jdk8u181\11358\hotspot\src\share\vm\classfile\systemDictionary.cpp, line 210
Event: 5.662 Thread 0x000000001b720800 Exception <a 'java/lang/ClassNotFoundException': org/springframework/web/context/ServletContextAwareCustomizer> (0x00000000d92eb558) thrown at [C:\re\workspace\8-2-build-windows-amd64-cygwin\jdk8u181\11358\hotspot\src\share\vm\classfile\systemDictionary.c
Event: 5.663 Thread 0x000000001b720800 Exception <a 'java/lang/ClassNotFoundException': org/springframework/beans/factory/AwareCustomizer> (0x00000000d92fcff0) thrown at [C:\re\workspace\8-2-build-windows-amd64-cygwin\jdk8u181\11358\hotspot\src\share\vm\classfile\systemDictionary.cpp, line 210
Event: 5.672 Thread 0x000000001b720800 Implicit null exception at 0x0000000004295f19 to 0x000000000429810d

Events (10 events):
Event: 5.820 loading class org/springframework/web/bind/UnsatisfiedServletRequestParameterException
Event: 5.820 loading class org/springframework/web/bind/UnsatisfiedServletRequestParameterException done
Event: 5.820 loading class org/springframework/web/method/HandlerMethod$HandlerMethodParameter
Event: 5.820 loading class org/springframework/web/method/HandlerMethod$HandlerMethodParameter done
Event: 5.821 loading class org/springframework/core/annotation/SynthesizingMethodParameter
Event: 5.821 loading class org/springframework/core/annotation/SynthesizingMethodParameter done
Event: 5.821 Executing VM operation: Deoptimize
Event: 5.821 Executing VM operation: Deoptimize done
Event: 5.821 loading class org/springframework/web/method/HandlerMethod$ReturnValueMethodParameter
Event: 5.821 loading class org/springframework/web/method/HandlerMethod$ReturnValueMethodParameter done


Dynamic libraries:
0x00007ff77c4c0000 - 0x00007ff77c4f7000 	C:\Program Files\Java\jre1.8.0_181\bin\javaw.exe
0x00007ff9a9330000 - 0x00007ff9a9511000 	C:\WINDOWS\SYSTEM32\ntdll.dll
0x00007ff9a8dd0000 - 0x00007ff9a8e81000 	C:\WINDOWS\System32\KERNEL32.DLL
0x00007ff9a58d0000 - 0x00007ff9a5b43000 	C:\WINDOWS\System32\KERNELBASE.dll
0x00007ff9a6920000 - 0x00007ff9a69c1000 	C:\WINDOWS\System32\ADVAPI32.dll
0x00007ff9a8260000 - 0x00007ff9a82fe000 	C:\WINDOWS\System32\msvcrt.dll
0x00007ff9a67c0000 - 0x00007ff9a681b000 	C:\WINDOWS\System32\sechost.dll
0x00007ff9a6b60000 - 0x00007ff9a6c84000 	C:\WINDOWS\System32\RPCRT4.dll
0x00007ff9a69d0000 - 0x00007ff9a6b60000 	C:\WINDOWS\System32\USER32.dll
0x00007ff9a6740000 - 0x00007ff9a6760000 	C:\WINDOWS\System32\win32u.dll
0x00007ff9a92d0000 - 0x00007ff9a92f8000 	C:\WINDOWS\System32\GDI32.dll
0x00007ff9a64a0000 - 0x00007ff9a6631000 	C:\WINDOWS\System32\gdi32full.dll
0x00007ff9a5830000 - 0x00007ff9a58cf000 	C:\WINDOWS\System32\msvcp_win.dll
0x00007ff9a6640000 - 0x00007ff9a6738000 	C:\WINDOWS\System32\ucrtbase.dll
0x00007ff99a070000 - 0x00007ff99a2d9000 	C:\WINDOWS\WinSxS\amd64_microsoft.windows.common-controls_6595b64144ccf1df_6.0.17134.950_none_fb3da4273069d3e0\COMCTL32.dll
0x00007ff9a8fa0000 - 0x00007ff9a92c2000 	C:\WINDOWS\System32\combase.dll
0x00007ff9a57b0000 - 0x00007ff9a5829000 	C:\WINDOWS\System32\bcryptPrimitives.dll
0x00007ff9a68f0000 - 0x00007ff9a691d000 	C:\WINDOWS\System32\IMM32.DLL
0x0000000070a50000 - 0x0000000070b22000 	C:\Program Files\Java\jre1.8.0_181\bin\msvcr100.dll
0x0000000071110000 - 0x00000000719b2000 	C:\Program Files\Java\jre1.8.0_181\bin\server\jvm.dll
0x00007ff9a8f90000 - 0x00007ff9a8f98000 	C:\WINDOWS\System32\PSAPI.DLL
0x00007ff99e280000 - 0x00007ff99e28a000 	C:\WINDOWS\SYSTEM32\VERSION.dll
0x00007ff996380000 - 0x00007ff996389000 	C:\WINDOWS\SYSTEM32\WSOCK32.dll
0x00007ff9a26a0000 - 0x00007ff9a26c3000 	C:\WINDOWS\SYSTEM32\WINMM.dll
0x00007ff9a80f0000 - 0x00007ff9a815c000 	C:\WINDOWS\System32\WS2_32.dll
0x00007ff9a2240000 - 0x00007ff9a226a000 	C:\WINDOWS\SYSTEM32\winmmbase.dll
0x00007ff9a5b50000 - 0x00007ff9a5b99000 	C:\WINDOWS\System32\cfgmgr32.dll
0x0000000071020000 - 0x000000007102f000 	C:\Program Files\Java\jre1.8.0_181\bin\verify.dll
0x0000000070ff0000 - 0x0000000071019000 	C:\Program Files\Java\jre1.8.0_181\bin\java.dll
0x0000000070fd0000 - 0x0000000070fe6000 	C:\Program Files\Java\jre1.8.0_181\bin\zip.dll
0x00007ff9a6c90000 - 0x00007ff9a80d0000 	C:\WINDOWS\System32\SHELL32.dll
0x00007ff9a8980000 - 0x00007ff9a8a29000 	C:\WINDOWS\System32\shcore.dll
0x00007ff9a5d90000 - 0x00007ff9a649d000 	C:\WINDOWS\System32\windows.storage.dll
0x00007ff9a8bb0000 - 0x00007ff9a8c01000 	C:\WINDOWS\System32\shlwapi.dll
0x00007ff9a56c0000 - 0x00007ff9a56d1000 	C:\WINDOWS\System32\kernel.appcore.dll
0x00007ff9a56a0000 - 0x00007ff9a56bf000 	C:\WINDOWS\System32\profapi.dll
0x00007ff9a5640000 - 0x00007ff9a568c000 	C:\WINDOWS\System32\powrprof.dll
0x00007ff9a5690000 - 0x00007ff9a569a000 	C:\WINDOWS\System32\FLTLIB.DLL
0x0000000070a40000 - 0x0000000070a4d000 	C:\Program Files\Java\jre1.8.0_181\bin\management.dll
0x0000000070fb0000 - 0x0000000070fca000 	C:\Program Files\Java\jre1.8.0_181\bin\net.dll
0x00007ff9a4ec0000 - 0x00007ff9a4f26000 	C:\WINDOWS\system32\mswsock.dll
0x00007ff995b70000 - 0x00007ff995b86000 	C:\WINDOWS\system32\napinsp.dll
0x00007ff995b50000 - 0x00007ff995b6a000 	C:\WINDOWS\system32\pnrpnsp.dll
0x00007ff9a1b30000 - 0x00007ff9a1b49000 	C:\WINDOWS\system32\NLAapi.dll
0x00007ff9a4c50000 - 0x00007ff9a4d0e000 	C:\WINDOWS\SYSTEM32\DNSAPI.dll
0x00007ff9a8e90000 - 0x00007ff9a8e98000 	C:\WINDOWS\System32\NSI.dll
0x00007ff9a4c10000 - 0x00007ff9a4c48000 	C:\WINDOWS\SYSTEM32\IPHLPAPI.DLL
0x00007ff995b40000 - 0x00007ff995b4e000 	C:\WINDOWS\System32\winrnr.dll
0x00007ff99bf10000 - 0x00007ff99bf25000 	C:\WINDOWS\System32\wshbth.dll
0x00007ff9990c0000 - 0x00007ff9990ca000 	C:\Windows\System32\rasadhlp.dll
0x00007ff999210000 - 0x00007ff999282000 	C:\WINDOWS\System32\fwpuclnt.dll
0x00007ff9a51a0000 - 0x00007ff9a51c5000 	C:\WINDOWS\SYSTEM32\bcrypt.dll
0x0000000070f90000 - 0x0000000070fa1000 	C:\Program Files\Java\jre1.8.0_181\bin\nio.dll
0x00007ff9a5070000 - 0x00007ff9a5087000 	C:\WINDOWS\SYSTEM32\CRYPTSP.dll
0x00007ff9a4a70000 - 0x00007ff9a4aa3000 	C:\WINDOWS\system32\rsaenh.dll
0x00007ff9a5540000 - 0x00007ff9a5568000 	C:\WINDOWS\SYSTEM32\USERENV.dll
0x00007ff9a5090000 - 0x00007ff9a509b000 	C:\WINDOWS\SYSTEM32\CRYPTBASE.dll
0x00007ff99aac0000 - 0x00007ff99aad6000 	C:\WINDOWS\SYSTEM32\dhcpcsvc6.DLL
0x00007ff99aaa0000 - 0x00007ff99aaba000 	C:\WINDOWS\SYSTEM32\dhcpcsvc.DLL

VM Arguments:
jvm_args: -Dfile.encoding=UTF-8 
java_command: br.com.devdojo.SpringbootEssentialsApplication
java_class_path (initial): C:\Rodrigo\Profissional\Cursos_Alura\SPRING-BOOT\demo\target\classes;C:\Users\rodri\.m2\repository\org\springframework\boot\spring-boot-starter-web\2.1.4.RELEASE\spring-boot-starter-web-2.1.4.RELEASE.jar;C:\Users\rodri\.m2\repository\org\springframework\boot\spring-boot-starter\2.1.4.RELEASE\spring-boot-starter-2.1.4.RELEASE.jar;C:\Users\rodri\.m2\repository\org\springframework\boot\spring-boot-starter-logging\2.1.4.RELEASE\spring-boot-starter-logging-2.1.4.RELEASE.jar;C:\Users\rodri\.m2\repository\ch\qos\logback\logback-classic\1.2.3\logback-classic-1.2.3.jar;C:\Users\rodri\.m2\repository\ch\qos\logback\logback-core\1.2.3\logback-core-1.2.3.jar;C:\Users\rodri\.m2\repository\org\apache\logging\log4j\log4j-to-slf4j\2.11.2\log4j-to-slf4j-2.11.2.jar;C:\Users\rodri\.m2\repository\org\apache\logging\log4j\log4j-api\2.11.2\log4j-api-2.11.2.jar;C:\Users\rodri\.m2\repository\org\slf4j\jul-to-slf4j\1.7.26\jul-to-slf4j-1.7.26.jar;C:\Users\rodri\.m2\repository\javax\annotation\javax.annotation-api\1.3.2\javax.annotation-api-1.3.2.jar;C:\Users\rodri\.m2\repository\org\yaml\snakeyaml\1.23\snakeyaml-1.23.jar;C:\Users\rodri\.m2\repository\org\springframework\boot\spring-boot-starter-json\2.1.4.RELEASE\spring-boot-starter-json-2.1.4.RELEASE.jar;C:\Users\rodri\.m2\repository\com\fasterxml\jackson\core\jackson-databind\2.9.8\jackson-databind-2.9.8.jar;C:\Users\rodri\.m2\repository\com\fasterxml\jackson\core\jackson-annotations\2.9.0\jackson-annotations-2.9.0.jar;C:\Users\rodri\.m2\repository\com\fasterxml\jackson\core\jackson-core\2.9.8\jackson-core-2.9.8.jar;C:\Users\rodri\.m2\repository\com\fasterxml\jackson\datatype\jackson-datatype-jdk8\2.9.8\jackson-datatype-jdk8-2.9.8.jar;C:\Users\rodri\.m2\repository\com\fasterxml\jackson\datatype\jackson-datatype-jsr310\2.9.8\jackson-datatype-jsr310-2.9.8.jar;C:\Users\rodri\.m2\repository\com\fasterxml\jackson\module\jackson-module-parameter-names\2.9.8\jackson-module-parameter-names-2.9.8.jar;C:\Users\rodri\.m2\r
Launcher Type: SUN_STANDARD

Environment Variables:
JAVA_HOME=C:\Program Files\Java\jdk1.8.0_181
PATH=C:/Program Files/Java/jre1.8.0_181/bin/server;C:/Program Files/Java/jre1.8.0_181/bin;C:/Program Files/Java/jre1.8.0_181/lib/amd64;C:\Program Files (x86)\Common Files\Oracle\Java\javapath;C:\Program Files (x86)\Intel\iCLS Client\;C:\Program Files\Intel\iCLS Client\;C:\Windows\system32;C:\Windows;C:\Windows\System32\Wbem;C:\Windows\System32\WindowsPowerShell\v1.0\;C:\Program Files (x86)\Intel\Intel(R) Management Engine Components\DAL;C:\Program Files\Intel\Intel(R) Management Engine Components\DAL;C:\Program Files (x86)\Intel\Intel(R) Management Engine Components\IPT;C:\Program Files\Intel\Intel(R) Management Engine Components\IPT;C:\Program Files (x86)\NVIDIA Corporation\PhysX\Common;C:\Program Files\Java\jdk1.8.0_181\bin;C:\Users\rodri\AppData\Local\Android\Sdk\tools;C:\Users\rodri\AppData\Local\Android\Sdk\tools\bin;C:\Users\rodri\AppData\Local\Android\Sdk\platform-tools;C:\Program Files\nodejs\;C:\WINDOWS\system32;C:\WINDOWS;C:\WINDOWS\System32\Wbem;C:\WINDOWS\System32\WindowsPowerShell\v1.0\;C:\WINDOWS\System32\OpenSSH\;C:\Program Files\JBossForge\forge\bin;C:\Program Files\dotnet\;C:\Program Files\Microsoft SQL Server\130\Tools\Binn\;C:\Program Files\Microsoft SQL Server\Client SDK\ODBC\170\Tools\Binn\;C:\apache-maven-3.6.1\bin;C:\apache-maven-3.6.1\bin;C:\Users\rodri\AppData\Local\Programs\Python\Python37-32\Scripts\;C:\Users\rodri\AppData\Local\Programs\Python\Python37-32\;C:\Users\rodri\AppData\Local\Microsoft\WindowsApps;C:\Users\rodri\AppData\Local\Programs\Microsoft VS Code\bin;C:\Program Files\Java\jdk1.8.0_181\bin;C:\Users\rodri\AppData\Local\Android\Sdk\tools\bin;C:\Users\rodri\AppData\Local\Android\Sdk\platform-tools;C:\Users\rodri\AppData\Local\Android\Sdk\tools;C:\Users\rodri\AppData\Roaming\npm;C:\Program Files\JBossForge\forge\bin;C:\Users\rodri\.dotnet\tools;C:\apache-maven-3.6.1\bin;C:\Program Files\MySQL\MySQL Workbench 8.0 CE;;C:\Program Files\EclipseEE\eclipse_2018-12;
USERNAME=rodri
OS=Windows_NT
PROCESSOR_IDENTIFIER=Intel64 Family 6 Model 142 Stepping 10, GenuineIntel



---------------  S Y S T E M  ---------------

OS: Windows 10.0 , 64 bit Build 17134 (10.0.17134.753)

CPU:total 8 (initial active 8) (4 cores per cpu, 2 threads per core) family 6 model 142 stepping 10, cmov, cx8, fxsr, mmx, sse, sse2, sse3, ssse3, sse4.1, sse4.2, popcnt, avx, avx2, aes, clmul, erms, 3dnowpref, lzcnt, ht, tsc, tscinvbit, bmi1, bmi2, adx

Memory: 4k page, physical 8260324k(1823112k free), swap 10210020k(5328k free)

vm_info: Java HotSpot(TM) 64-Bit Server VM (25.181-b13) for windows-amd64 JRE (1.8.0_181-b13), built on Jul  7 2018 04:01:33 by "java_re" with MS VC++ 10.0 (VS2010)

time: Wed Aug 28 00:09:39 2019
elapsed time: 5 seconds (0d 0h 0m 5s)

